2012.12.22 09:48 B C:\Dokumente und Einstellungen\Bernd.PC-BERND\Eigene Dateien\2012 Webseite von Maikel\Start\diedrei.jpg <-- Vogtlandcowboy /Start diedrei.jpg
2012.12.22 09:48 B C:\Dokumente und Einstellungen\Bernd.PC-BERND\Eigene Dateien\2012 Webseite von Maikel\Start\image1.jpg <-- Vogtlandcowboy /Start image1.jpg
2012.12.22 09:48 B C:\Dokumente und Einstellungen\Bernd.PC-BERND\Eigene Dateien\2012 Webseite von Maikel\Start\image10.jpg <-- Vogtlandcowboy /Start image10.jpg
2012.12.22 09:48 B C:\Dokumente und Einstellungen\Bernd.PC-BERND\Eigene Dateien\2012 Webseite von Maikel\Start\image11.jpg <-- Vogtlandcowboy /Start image11.jpg
2012.12.22 09:48 B C:\Dokumente und Einstellungen\Bernd.PC-BERND\Eigene Dateien\2012 Webseite von Maikel\Start\image12.jpg <-- Vogtlandcowboy /Start image12.jpg
2012.12.22 09:48 B C:\Dokumente und Einstellungen\Bernd.PC-BERND\Eigene Dateien\2012 Webseite von Maikel\Start\image2.jpg <-- Vogtlandcowboy /Start image2.jpg
2012.12.22 09:48 B C:\Dokumente und Einstellungen\Bernd.PC-BERND\Eigene Dateien\2012 Webseite von Maikel\Start\image3.jpg <-- Vogtlandcowboy /Start image3.jpg
2012.12.22 09:48 B C:\Dokumente und Einstellungen\Bernd.PC-BERND\Eigene Dateien\2012 Webseite von Maikel\Start\image4.jpg <-- Vogtlandcowboy /Start image4.jpg
2012.12.22 09:48 B C:\Dokumente und Einstellungen\Bernd.PC-BERND\Eigene Dateien\2012 Webseite von Maikel\Start\image5.jpg <-- Vogtlandcowboy /Start image5.jpg
2012.12.22 09:48 B C:\Dokumente und Einstellungen\Bernd.PC-BERND\Eigene Dateien\2012 Webseite von Maikel\Start\image6.jpg <-- Vogtlandcowboy /Start image6.jpg
2012.12.22 09:48 B C:\Dokumente und Einstellungen\Bernd.PC-BERND\Eigene Dateien\2012 Webseite von Maikel\Start\image7.jpg <-- Vogtlandcowboy /Start image7.jpg
2012.12.22 09:48 B C:\Dokumente und Einstellungen\Bernd.PC-BERND\Eigene Dateien\2012 Webseite von Maikel\Start\image8.jpg <-- Vogtlandcowboy /Start image8.jpg
2012.12.22 09:48 B C:\Dokumente und Einstellungen\Bernd.PC-BERND\Eigene Dateien\2012 Webseite von Maikel\Start\image9.jpg <-- Vogtlandcowboy /Start image9.jpg
2012.12.22 09:48 B C:\Dokumente und Einstellungen\Bernd.PC-BERND\Eigene Dateien\2012 Webseite von Maikel\Start\off.gif <-- Vogtlandcowboy /Start off.gif
2012.12.22 09:48 B C:\Dokumente und Einstellungen\Bernd.PC-BERND\Eigene Dateien\2012 Webseite von Maikel\Start\on.gif <-- Vogtlandcowboy /Start on.gif
2012.12.22 09:48 B C:\Dokumente und Einstellungen\Bernd.PC-BERND\Eigene Dateien\2012 Webseite von Maikel\Start\start.jpg <-- Vogtlandcowboy /Start start.jpg
2012.12.22 09:48 B C:\Dokumente und Einstellungen\Bernd.PC-BERND\Eigene Dateien\2012 Webseite von Maikel\Start\start2.jpg <-- Vogtlandcowboy /Start start2.jpg
2012.12.22 10:55 B C:\Dokumente und Einstellungen\Bernd.PC-BERND\Eigene Dateien\2012 Webseite von Maikel\Start\image1.jpg --> www.vogtland-cowboy.de /Start image1.jpg
2012.12.22 10:55 B C:\Dokumente und Einstellungen\Bernd.PC-BERND\Eigene Dateien\2012 Webseite von Maikel\Start\start.jpg --> www.vogtland-cowboy.de /Start start.jpg
2012.12.22 10:55 B C:\Dokumente und Einstellungen\Bernd.PC-BERND\Eigene Dateien\2012 Webseite von Maikel\Start\Thumbs.db --> www.vogtland-cowboy.de /Start Thumbs.db
2012.12.22 10:55 B C:\Dokumente und Einstellungen\Bernd.PC-BERND\Eigene Dateien\2012 Webseite von Maikel\Start\WS_FTP.LOG --> www.vogtland-cowboy.de /Start WS_FTP.LOG
2012.12.22 14:30 B C:\Dokumente und Einstellungen\Bernd.PC-BERND\Eigene Dateien\2012 Webseite von Maikel\Start\image1.jpg --> www.vogtland-cowboy.de /Start image1.jpg
2012.12.22 14:30 B C:\Dokumente und Einstellungen\Bernd.PC-BERND\Eigene Dateien\2012 Webseite von Maikel\Start\start.jpg --> www.vogtland-cowboy.de /Start start.jpg
2013.03.09 15:19 B C:\Dokumente und Einstellungen\Bernd.PC-BERND\Eigene Dateien\2012 Webseite von Maikel\Start\diedrei.jpg --> www.vogtland-cowboy.de /Start diedrei.jpg
2013.03.09 15:19 B C:\Dokumente und Einstellungen\Bernd.PC-BERND\Eigene Dateien\2012 Webseite von Maikel\Start\image1.jpg --> www.vogtland-cowboy.de /Start image1.jpg
2013.03.09 15:19 B C:\Dokumente und Einstellungen\Bernd.PC-BERND\Eigene Dateien\2012 Webseite von Maikel\Start\image2.jpg --> www.vogtland-cowboy.de /Start image2.jpg
2013.03.09 15:19 B C:\Dokumente und Einstellungen\Bernd.PC-BERND\Eigene Dateien\2012 Webseite von Maikel\Start\image3.jpg --> www.vogtland-cowboy.de /Start image3.jpg
2013.03.09 15:19 B C:\Dokumente und Einstellungen\Bernd.PC-BERND\Eigene Dateien\2012 Webseite von Maikel\Start\image4.jpg --> www.vogtland-cowboy.de /Start image4.jpg
2013.03.09 15:20 B C:\Dokumente und Einstellungen\Bernd.PC-BERND\Eigene Dateien\2012 Webseite von Maikel\Start\image5.jpg --> www.vogtland-cowboy.de /Start image5.jpg
2013.03.09 15:20 B C:\Dokumente und Einstellungen\Bernd.PC-BERND\Eigene Dateien\2012 Webseite von Maikel\Start\image6.jpg --> www.vogtland-cowboy.de /Start image6.jpg
2013.03.09 15:20 B C:\Dokumente und Einstellungen\Bernd.PC-BERND\Eigene Dateien\2012 Webseite von Maikel\Start\image7.jpg --> www.vogtland-cowboy.de /Start image7.jpg
2013.03.09 15:20 B C:\Dokumente und Einstellungen\Bernd.PC-BERND\Eigene Dateien\2012 Webseite von Maikel\Start\image8.jpg --> www.vogtland-cowboy.de /Start image8.jpg
2013.03.09 15:20 B C:\Dokumente und Einstellungen\Bernd.PC-BERND\Eigene Dateien\2012 Webseite von Maikel\Start\image9.jpg --> www.vogtland-cowboy.de /Start image9.jpg
2013.03.09 15:20 B C:\Dokumente und Einstellungen\Bernd.PC-BERND\Eigene Dateien\2012 Webseite von Maikel\Start\off.gif --> www.vogtland-cowboy.de /Start off.gif
2013.03.09 15:20 B C:\Dokumente und Einstellungen\Bernd.PC-BERND\Eigene Dateien\2012 Webseite von Maikel\Start\on.gif --> www.vogtland-cowboy.de /Start on.gif
2013.03.09 15:20 B C:\Dokumente und Einstellungen\Bernd.PC-BERND\Eigene Dateien\2012 Webseite von Maikel\Start\start2.jpg --> www.vogtland-cowboy.de /Start start2.jpg
2013.03.09 15:20 B C:\Dokumente und Einstellungen\Bernd.PC-BERND\Eigene Dateien\2012 Webseite von Maikel\Start\Thumbs.db --> www.vogtland-cowboy.de /Start Thumbs.db
2013.03.09 15:20 B C:\Dokumente und Einstellungen\Bernd.PC-BERND\Eigene Dateien\2012 Webseite von Maikel\Start\weischlitz6.jpg --> www.vogtland-cowboy.de /Start weischlitz6.jpg
2014.01.18 10:57 B C:\Dokumente und Einstellungen\Bernd.PC-BERND\Eigene Dateien\2014 Webseite von Maikel\Start\RLDFahne.jpg --> www.vogtland-cowboy.de /Start RLDFahne.jpg
2014.01.18 10:58 B C:\Dokumente und Einstellungen\Bernd.PC-BERND\Eigene Dateien\2014 Webseite von Maikel\Start\Thumbs.db --> www.vogtland-cowboy.de /Start Thumbs.db
2014.01.18 10:58 B C:\Dokumente und Einstellungen\Bernd.PC-BERND\Eigene Dateien\2014 Webseite von Maikel\Start\WS_FTP.LOG --> www.vogtland-cowboy.de /Start WS_FTP.LOG
2014.01.18 11:08 B C:\Dokumente und Einstellungen\Bernd.PC-BERND\Eigene Dateien\2014 Webseite von Maikel\Start\image1.jpg --> www.vogtland-cowboy.de /Start image1.jpg
2014.01.19 12:50 B C:\Dokumente und Einstellungen\Bernd.PC-BERND\Eigene Dateien\2014 Maikel Webseite von Maikel\Start\index.html <-- Vogtlandcowboy /Start index.html
2014.02.02 12:56 B C:\Dokumente und Einstellungen\Bernd.PC-BERND\Eigene Dateien\2014 Maikel Webseite von Maikel\Start\image1.jpg --> www.vogtland-cowboy.de /Start image1.jpg
2014.02.02 12:56 B C:\Dokumente und Einstellungen\Bernd.PC-BERND\Eigene Dateien\2014 Maikel Webseite von Maikel\Start\image10.jpg --> www.vogtland-cowboy.de /Start image10.jpg
2014.02.02 12:57 B C:\Dokumente und Einstellungen\Bernd.PC-BERND\Eigene Dateien\2014 Maikel Webseite von Maikel\Start\image11.jpg --> www.vogtland-cowboy.de /Start image11.jpg
2014.02.02 12:57 B C:\Dokumente und Einstellungen\Bernd.PC-BERND\Eigene Dateien\2014 Maikel Webseite von Maikel\Start\image2.jpg --> www.vogtland-cowboy.de /Start image2.jpg
2014.02.02 12:57 B C:\Dokumente und Einstellungen\Bernd.PC-BERND\Eigene Dateien\2014 Maikel Webseite von Maikel\Start\image3.jpg --> www.vogtland-cowboy.de /Start image3.jpg
2014.02.02 12:57 B C:\Dokumente und Einstellungen\Bernd.PC-BERND\Eigene Dateien\2014 Maikel Webseite von Maikel\Start\image4.jpg --> www.vogtland-cowboy.de /Start image4.jpg
2014.02.02 12:58 B C:\Dokumente und Einstellungen\Bernd.PC-BERND\Eigene Dateien\2014 Maikel Webseite von Maikel\Start\image5.jpg --> www.vogtland-cowboy.de /Start image5.jpg
2014.02.02 12:58 B C:\Dokumente und Einstellungen\Bernd.PC-BERND\Eigene Dateien\2014 Maikel Webseite von Maikel\Start\image6.jpg --> www.vogtland-cowboy.de /Start image6.jpg
2014.02.02 12:59 B C:\Dokumente und Einstellungen\Bernd.PC-BERND\Eigene Dateien\2014 Maikel Webseite von Maikel\Start\image7.jpg --> www.vogtland-cowboy.de /Start image7.jpg
2014.02.02 13:00 B C:\Dokumente und Einstellungen\Bernd.PC-BERND\Eigene Dateien\2014 Maikel Webseite von Maikel\Start\image8.jpg --> www.vogtland-cowboy.de /Start image8.jpg
2014.02.02 13:01 B C:\Dokumente und Einstellungen\Bernd.PC-BERND\Eigene Dateien\2014 Maikel Webseite von Maikel\Start\start.jpg --> www.vogtland-cowboy.de /Start start.jpg
2014.02.02 13:02 B C:\Dokumente und Einstellungen\Bernd.PC-BERND\Eigene Dateien\2014 Maikel Webseite von Maikel\Start\image9.jpg --> www.vogtland-cowboy.de /Start image9.jpg
2014.02.02 13:03 B C:\Dokumente und Einstellungen\Bernd.PC-BERND\Eigene Dateien\2014 Maikel Webseite von Maikel\Start\image10.jpg --> www.vogtland-cowboy.de /Start image10.jpg
2014.02.02 13:03 B C:\Dokumente und Einstellungen\Bernd.PC-BERND\Eigene Dateien\2014 Maikel Webseite von Maikel\Start\image11.jpg --> www.vogtland-cowboy.de /Start image11.jpg
2014.02.02 15:34 B C:\Dokumente und Einstellungen\Bernd.PC-BERND\Eigene Dateien\2014 Maikel Webseite von Maikel\Start\start.jpg --> www.vogtland-cowboy.de /Start start.jpg
2014.02.02 15:37 B C:\Dokumente und Einstellungen\Bernd.PC-BERND\Eigene Dateien\2014 Maikel Webseite von Maikel\Start\start.jpg --> www.vogtland-cowboy.de /Start start.jpg
2014.02.02 15:59 B C:\Dokumente und Einstellungen\Bernd.PC-BERND\Eigene Dateien\2014 Maikel Webseite von Maikel\Start\start.jpg --> www.vogtland-cowboy.de /Start start.jpg
2014.02.02 16:00 B C:\Dokumente und Einstellungen\Bernd.PC-BERND\Eigene Dateien\2014 Maikel Webseite von Maikel\Start\start.jpg --> www.vogtland-cowboy.de /Start start.jpg
2014.02.02 16:04 B C:\Dokumente und Einstellungen\Bernd.PC-BERND\Eigene Dateien\2014 Maikel Webseite von Maikel\Start\start.jpg --> www.vogtland-cowboy.de /Start start.jpg
2014.02.02 16:09 B C:\Dokumente und Einstellungen\Bernd.PC-BERND\Eigene Dateien\2014 Maikel Webseite von Maikel\Start\image1.jpg --> www.vogtland-cowboy.de /Start image1.jpg
2014.02.02 16:09 B C:\Dokumente und Einstellungen\Bernd.PC-BERND\Eigene Dateien\2014 Maikel Webseite von Maikel\Start\image2.jpg --> www.vogtland-cowboy.de /Start image2.jpg
2014.02.02 16:10 B C:\Dokumente und Einstellungen\Bernd.PC-BERND\Eigene Dateien\2014 Maikel Webseite von Maikel\Start\image3.jpg --> www.vogtland-cowboy.de /Start image3.jpg
2014.02.02 16:10 B C:\Dokumente und Einstellungen\Bernd.PC-BERND\Eigene Dateien\2014 Maikel Webseite von Maikel\Start\image4.jpg --> www.vogtland-cowboy.de /Start image4.jpg
2014.02.02 16:10 B C:\Dokumente und Einstellungen\Bernd.PC-BERND\Eigene Dateien\2014 Maikel Webseite von Maikel\Start\image5.jpg --> www.vogtland-cowboy.de /Start image5.jpg
2014.02.02 16:11 B C:\Dokumente und Einstellungen\Bernd.PC-BERND\Eigene Dateien\2014 Maikel Webseite von Maikel\Start\image6.jpg --> www.vogtland-cowboy.de /Start image6.jpg
2014.02.02 16:11 B C:\Dokumente und Einstellungen\Bernd.PC-BERND\Eigene Dateien\2014 Maikel Webseite von Maikel\Start\image7.jpg --> www.vogtland-cowboy.de /Start image7.jpg
2014.02.02 16:12 B C:\Dokumente und Einstellungen\Bernd.PC-BERND\Eigene Dateien\2014 Maikel Webseite von Maikel\Start\image8.jpg --> www.vogtland-cowboy.de /Start image8.jpg
2014.02.02 16:13 B C:\Dokumente und Einstellungen\Bernd.PC-BERND\Eigene Dateien\2014 Maikel Webseite von Maikel\Start\image9.jpg --> www.vogtland-cowboy.de /Start image9.jpg
2014.02.02 16:14 B C:\Dokumente und Einstellungen\Bernd.PC-BERND\Eigene Dateien\2014 Maikel Webseite von Maikel\Start\image7.jpg --> www.vogtland-cowboy.de /Start image7.jpg
2014.02.02 16:15 B C:\Dokumente und Einstellungen\Bernd.PC-BERND\Eigene Dateien\2014 Maikel Webseite von Maikel\Start\image10.jpg --> www.vogtland-cowboy.de /Start image10.jpg
2014.02.02 16:15 B C:\Dokumente und Einstellungen\Bernd.PC-BERND\Eigene Dateien\2014 Maikel Webseite von Maikel\Start\image11.jpg --> www.vogtland-cowboy.de /Start image11.jpg
2014.02.02 16:17 B C:\Dokumente und Einstellungen\Bernd.PC-BERND\Eigene Dateien\2014 Maikel Webseite von Maikel\Start\image7.jpg --> www.vogtland-cowboy.de /Start image7.jpg
2014.02.02 16:19 B C:\Dokumente und Einstellungen\Bernd.PC-BERND\Eigene Dateien\2014 Maikel Webseite von Maikel\Start\image10.jpg --> www.vogtland-cowboy.de /Start image10.jpg
2014.02.02 16:21 B C:\Dokumente und Einstellungen\Bernd.PC-BERND\Eigene Dateien\2014 Maikel Webseite von Maikel\Start\image7.jpg --> www.vogtland-cowboy.de /Start image7.jpg
2014.02.02 16:22 B C:\Dokumente und Einstellungen\Bernd.PC-BERND\Eigene Dateien\2014 Maikel Webseite von Maikel\Start\image9.jpg --> www.vogtland-cowboy.de /Start image9.jpg
2014.02.02 16:23 B C:\Dokumente und Einstellungen\Bernd.PC-BERND\Eigene Dateien\2014 Maikel Webseite von Maikel\Start\image10.jpg --> www.vogtland-cowboy.de /Start image10.jpg
2014.02.02 16:25 B C:\Dokumente und Einstellungen\Bernd.PC-BERND\Eigene Dateien\2014 Maikel Webseite von Maikel\Start\image9.jpg --> www.vogtland-cowboy.de /Start image9.jpg
2014.02.02 16:37 B C:\Dokumente und Einstellungen\Bernd.PC-BERND\Eigene Dateien\2014 Maikel Webseite von Maikel\Start\start.jpg --> www.vogtland-cowboy.de /Start start.jpg
2014.02.02 16:38 B C:\Dokumente und Einstellungen\Bernd.PC-BERND\Eigene Dateien\2014 Maikel Webseite von Maikel\Start\image10.jpg --> www.vogtland-cowboy.de /Start image10.jpg
2014.02.02 16:39 B C:\Dokumente und Einstellungen\Bernd.PC-BERND\Eigene Dateien\2014 Maikel Webseite von Maikel\Start\start.jpg --> www.vogtland-cowboy.de /Start start.jpg
2014.02.02 16:40 B C:\Dokumente und Einstellungen\Bernd.PC-BERND\Eigene Dateien\2014 Maikel Webseite von Maikel\Start\image10.jpg --> www.vogtland-cowboy.de /Start image10.jpg
2014.02.02 16:40 B C:\Dokumente und Einstellungen\Bernd.PC-BERND\Eigene Dateien\2014 Maikel Webseite von Maikel\Start\image10.jpg --> www.vogtland-cowboy.de /Start image10.jpg
2014.02.02 16:41 B C:\Dokumente und Einstellungen\Bernd.PC-BERND\Eigene Dateien\2014 Maikel Webseite von Maikel\Start\image11.jpg --> www.vogtland-cowboy.de / image11.jpg
2014.02.02 16:42 B C:\Dokumente und Einstellungen\Bernd.PC-BERND\Eigene Dateien\2014 Maikel Webseite von Maikel\Start\image11.jpg --> www.vogtland-cowboy.de /Start image11.jpg
2014.02.02 16:42 B C:\Dokumente und Einstellungen\Bernd.PC-BERND\Eigene Dateien\2014 Maikel Webseite von Maikel\Start\image11.jpg --> www.vogtland-cowboy.de /Graphic image11.jpg
2014.02.02 16:44 A C:\Dokumente und Einstellungen\Bernd.PC-BERND\Eigene Dateien\2014 Maikel Webseite von Maikel\Start\image11.jpg --> www.vogtland-cowboy.de /Start image11.jpg
2014.02.02 16:45 B C:\Dokumente und Einstellungen\Bernd.PC-BERND\Eigene Dateien\2014 Maikel Webseite von Maikel\Start\image11.jpg --> www.vogtland-cowboy.de /Start image11.jpg
2014.02.02 16:48 B C:\Dokumente und Einstellungen\Bernd.PC-BERND\Eigene Dateien\2014 Maikel Webseite von Maikel\Start\image11.jpg --> www.vogtland-cowboy.de /Start image11.jpg
2014.02.02 16:50 B C:\Dokumente und Einstellungen\Bernd.PC-BERND\Eigene Dateien\2014 Maikel Webseite von Maikel\Start\image9.jpg --> www.vogtland-cowboy.de /Start image9.jpg
2014.02.02 16:52 B C:\Dokumente und Einstellungen\Bernd.PC-BERND\Eigene Dateien\2014 Maikel Webseite von Maikel\Start\start.jpg --> www.vogtland-cowboy.de /Start start.jpg
2014.02.02 16:54 B C:\Dokumente und Einstellungen\Bernd.PC-BERND\Eigene Dateien\2014 Maikel Webseite von Maikel\Start\start.jpg --> www.vogtland-cowboy.de /Start start.jpg
2014.02.02 16:54 B C:\Dokumente und Einstellungen\Bernd.PC-BERND\Eigene Dateien\2014 Maikel Webseite von Maikel\Start\start.jpg --> www.vogtland-cowboy.de /Start start.jpg
2014.02.02 18:02 B C:\Dokumente und Einstellungen\Bernd.PC-BERND\Eigene Dateien\2014 Maikel Webseite von Maikel\Start\start.jpg --> www.vogtland-cowboy.de /Start start.jpg
2014.02.02 18:03 B C:\Dokumente und Einstellungen\Bernd.PC-BERND\Eigene Dateien\2014 Maikel Webseite von Maikel\Start\start.jpg --> www.vogtland-cowboy.de /Start start.jpg
2014.02.02 18:04 B C:\Dokumente und Einstellungen\Bernd.PC-BERND\Eigene Dateien\2014 Maikel Webseite von Maikel\Start\start.jpg --> www.vogtland-cowboy.de /Start start.jpg
2014.02.02 18:05 B C:\Dokumente und Einstellungen\Bernd.PC-BERND\Eigene Dateien\2014 Maikel Webseite von Maikel\Start\start.jpg --> www.vogtland-cowboy.de /Start start.jpg
2014.02.03 16:08 B C:\Dokumente und Einstellungen\Bernd.PC-BERND\Eigene Dateien\2014 Maikel Webseite von Maikel\Start\start.jpg --> www.vogtland-cowboy.de /Start start.jpg
2014.02.03 16:08 B C:\Dokumente und Einstellungen\Bernd.PC-BERND\Eigene Dateien\2014 Maikel Webseite von Maikel\Start\image9.jpg --> www.vogtland-cowboy.de /Start image9.jpg
2014.02.03 16:17 B C:\Dokumente und Einstellungen\Bernd.PC-BERND\Eigene Dateien\2014 Maikel Webseite von Maikel\Start\image1.jpg --> www.vogtland-cowboy.de /Start image1.jpg
2014.02.03 16:17 B C:\Dokumente und Einstellungen\Bernd.PC-BERND\Eigene Dateien\2014 Maikel Webseite von Maikel\Start\image2.jpg --> www.vogtland-cowboy.de /Start image2.jpg
2014.02.03 16:17 B C:\Dokumente und Einstellungen\Bernd.PC-BERND\Eigene Dateien\2014 Maikel Webseite von Maikel\Start\image3.jpg --> www.vogtland-cowboy.de /Start image3.jpg
2014.02.03 16:17 B C:\Dokumente und Einstellungen\Bernd.PC-BERND\Eigene Dateien\2014 Maikel Webseite von Maikel\Start\image4.jpg --> www.vogtland-cowboy.de /Start image4.jpg
2014.02.03 16:17 B C:\Dokumente und Einstellungen\Bernd.PC-BERND\Eigene Dateien\2014 Maikel Webseite von Maikel\Start\image5.jpg --> www.vogtland-cowboy.de /Start image5.jpg
2014.02.03 16:18 B C:\Dokumente und Einstellungen\Bernd.PC-BERND\Eigene Dateien\2014 Maikel Webseite von Maikel\Start\image6.jpg --> www.vogtland-cowboy.de /Start image6.jpg
2014.02.03 16:18 B C:\Dokumente und Einstellungen\Bernd.PC-BERND\Eigene Dateien\2014 Maikel Webseite von Maikel\Start\start.jpg --> www.vogtland-cowboy.de /Start start.jpg
2014.02.03 16:18 B C:\Dokumente und Einstellungen\Bernd.PC-BERND\Eigene Dateien\2014 Maikel Webseite von Maikel\Start\image7.jpg --> www.vogtland-cowboy.de /Start image7.jpg
2014.02.03 16:18 B C:\Dokumente und Einstellungen\Bernd.PC-BERND\Eigene Dateien\2014 Maikel Webseite von Maikel\Start\image8.jpg --> www.vogtland-cowboy.de /Start image8.jpg
2014.02.03 16:18 B C:\Dokumente und Einstellungen\Bernd.PC-BERND\Eigene Dateien\2014 Maikel Webseite von Maikel\Start\image9.jpg --> www.vogtland-cowboy.de /Start image9.jpg
2014.02.03 16:19 B C:\Dokumente und Einstellungen\Bernd.PC-BERND\Eigene Dateien\2014 Maikel Webseite von Maikel\Start\image10.jpg --> www.vogtland-cowboy.de /Start image10.jpg
2014.02.03 16:19 B C:\Dokumente und Einstellungen\Bernd.PC-BERND\Eigene Dateien\2014 Maikel Webseite von Maikel\Start\image11.jpg --> www.vogtland-cowboy.de /Start image11.jpg
2014.02.03 16:19 B C:\Dokumente und Einstellungen\Bernd.PC-BERND\Eigene Dateien\2014 Maikel Webseite von Maikel\Start\image12.jpg --> www.vogtland-cowboy.de /Start image12.jpg
2014.04.28 16:49 B C:\Dokumente und Einstellungen\Bernd.PC-BERND\Eigene Dateien\2014 Maikel Webseite von Maikel\Start\diedrei.jpg --> www.vogtland-cowboy.de /Start diedrei.jpg
2014.04.28 16:49 B C:\Dokumente und Einstellungen\Bernd.PC-BERND\Eigene Dateien\2014 Maikel Webseite von Maikel\Start\image1.jpg --> www.vogtland-cowboy.de /Start image1.jpg
2014.04.28 16:49 B C:\Dokumente und Einstellungen\Bernd.PC-BERND\Eigene Dateien\2014 Maikel Webseite von Maikel\Start\image10.jpg --> www.vogtland-cowboy.de /Start image10.jpg
2014.04.28 16:49 B C:\Dokumente und Einstellungen\Bernd.PC-BERND\Eigene Dateien\2014 Maikel Webseite von Maikel\Start\image11.jpg --> www.vogtland-cowboy.de /Start image11.jpg
2014.04.28 16:49 B C:\Dokumente und Einstellungen\Bernd.PC-BERND\Eigene Dateien\2014 Maikel Webseite von Maikel\Start\image2.jpg --> www.vogtland-cowboy.de /Start image2.jpg
2014.04.28 16:49 B C:\Dokumente und Einstellungen\Bernd.PC-BERND\Eigene Dateien\2014 Maikel Webseite von Maikel\Start\image3.jpg --> www.vogtland-cowboy.de /Start image3.jpg
2014.04.28 16:50 B C:\Dokumente und Einstellungen\Bernd.PC-BERND\Eigene Dateien\2014 Maikel Webseite von Maikel\Start\image4.jpg --> www.vogtland-cowboy.de /Start image4.jpg
2014.04.28 16:50 B C:\Dokumente und Einstellungen\Bernd.PC-BERND\Eigene Dateien\2014 Maikel Webseite von Maikel\Start\image5.jpg --> www.vogtland-cowboy.de /Start image5.jpg
2014.04.28 16:50 B C:\Dokumente und Einstellungen\Bernd.PC-BERND\Eigene Dateien\2014 Maikel Webseite von Maikel\Start\image6.jpg --> www.vogtland-cowboy.de /Start image6.jpg
2014.04.28 16:50 B C:\Dokumente und Einstellungen\Bernd.PC-BERND\Eigene Dateien\2014 Maikel Webseite von Maikel\Start\image7.jpg --> www.vogtland-cowboy.de /Start image7.jpg
2014.04.28 16:50 B C:\Dokumente und Einstellungen\Bernd.PC-BERND\Eigene Dateien\2014 Maikel Webseite von Maikel\Start\image8.jpg --> www.vogtland-cowboy.de /Start image8.jpg
2014.04.28 16:50 B C:\Dokumente und Einstellungen\Bernd.PC-BERND\Eigene Dateien\2014 Maikel Webseite von Maikel\Start\image9.jpg --> www.vogtland-cowboy.de /Start image9.jpg
2014.04.28 16:50 B C:\Dokumente und Einstellungen\Bernd.PC-BERND\Eigene Dateien\2014 Maikel Webseite von Maikel\Start\index.html --> www.vogtland-cowboy.de /Start index.html
2014.04.28 16:50 B C:\Dokumente und Einstellungen\Bernd.PC-BERND\Eigene Dateien\2014 Maikel Webseite von Maikel\Start\off.gif --> www.vogtland-cowboy.de /Start off.gif
2014.04.28 16:50 B C:\Dokumente und Einstellungen\Bernd.PC-BERND\Eigene Dateien\2014 Maikel Webseite von Maikel\Start\on.gif --> www.vogtland-cowboy.de /Start on.gif
2014.04.28 16:50 B C:\Dokumente und Einstellungen\Bernd.PC-BERND\Eigene Dateien\2014 Maikel Webseite von Maikel\Start\start.jpg --> www.vogtland-cowboy.de /Start start.jpg
2014.04.28 16:50 B C:\Dokumente und Einstellungen\Bernd.PC-BERND\Eigene Dateien\2014 Maikel Webseite von Maikel\Start\start2.jpg --> www.vogtland-cowboy.de /Start start2.jpg
2014.04.28 16:51 B C:\Dokumente und Einstellungen\Bernd.PC-BERND\Eigene Dateien\2014 Maikel Webseite von Maikel\Start\Thumbs.db --> www.vogtland-cowboy.de /Start Thumbs.db
2014.08.31 18:08 B C:\Dokumente und Einstellungen\Bernd.PC-BERND\Eigene Dateien\2014 Maikel Webseite von Maikel\Start\image1.jpg --> www.vogtland-cowboy.de / image1.jpg
2014.08.31 18:08 B C:\Dokumente und Einstellungen\Bernd.PC-BERND\Eigene Dateien\2014 Maikel Webseite von Maikel\Start\image10.jpg --> www.vogtland-cowboy.de / image10.jpg
2014.08.31 18:08 B C:\Dokumente und Einstellungen\Bernd.PC-BERND\Eigene Dateien\2014 Maikel Webseite von Maikel\Start\image11.jpg --> www.vogtland-cowboy.de / image11.jpg
2014.08.31 18:09 B C:\Dokumente und Einstellungen\Bernd.PC-BERND\Eigene Dateien\2014 Maikel Webseite von Maikel\Start\image12.jpg --> www.vogtland-cowboy.de / image12.jpg
2014.08.31 18:09 B C:\Dokumente und Einstellungen\Bernd.PC-BERND\Eigene Dateien\2014 Maikel Webseite von Maikel\Start\image2.jpg --> www.vogtland-cowboy.de / image2.jpg
2014.08.31 18:09 B C:\Dokumente und Einstellungen\Bernd.PC-BERND\Eigene Dateien\2014 Maikel Webseite von Maikel\Start\image3.jpg --> www.vogtland-cowboy.de / image3.jpg
2014.08.31 18:09 B C:\Dokumente und Einstellungen\Bernd.PC-BERND\Eigene Dateien\2014 Maikel Webseite von Maikel\Start\image4.jpg --> www.vogtland-cowboy.de / image4.jpg
2014.08.31 18:09 B C:\Dokumente und Einstellungen\Bernd.PC-BERND\Eigene Dateien\2014 Maikel Webseite von Maikel\Start\image5.jpg --> www.vogtland-cowboy.de / image5.jpg
2014.08.31 18:09 B C:\Dokumente und Einstellungen\Bernd.PC-BERND\Eigene Dateien\2014 Maikel Webseite von Maikel\Start\image6.jpg --> www.vogtland-cowboy.de / image6.jpg
2014.08.31 18:09 B C:\Dokumente und Einstellungen\Bernd.PC-BERND\Eigene Dateien\2014 Maikel Webseite von Maikel\Start\image7.jpg --> www.vogtland-cowboy.de / image7.jpg
2014.08.31 18:09 B C:\Dokumente und Einstellungen\Bernd.PC-BERND\Eigene Dateien\2014 Maikel Webseite von Maikel\Start\image8.jpg --> www.vogtland-cowboy.de / image8.jpg
2014.08.31 18:10 B C:\Dokumente und Einstellungen\Bernd.PC-BERND\Eigene Dateien\2014 Maikel Webseite von Maikel\Start\image9.jpg --> www.vogtland-cowboy.de / image9.jpg
2014.08.31 18:10 B C:\Dokumente und Einstellungen\Bernd.PC-BERND\Eigene Dateien\2014 Maikel Webseite von Maikel\Start\kerstin.jpg --> www.vogtland-cowboy.de / kerstin.jpg
2014.08.31 18:10 B C:\Dokumente und Einstellungen\Bernd.PC-BERND\Eigene Dateien\2014 Maikel Webseite von Maikel\Start\off.gif --> www.vogtland-cowboy.de / off.gif
2014.08.31 18:10 B C:\Dokumente und Einstellungen\Bernd.PC-BERND\Eigene Dateien\2014 Maikel Webseite von Maikel\Start\on.gif --> www.vogtland-cowboy.de / on.gif
2014.08.31 18:10 B C:\Dokumente und Einstellungen\Bernd.PC-BERND\Eigene Dateien\2014 Maikel Webseite von Maikel\Start\start.jpg --> www.vogtland-cowboy.de / start.jpg
2014.08.31 18:10 B C:\Dokumente und Einstellungen\Bernd.PC-BERND\Eigene Dateien\2014 Maikel Webseite von Maikel\Start\start2.jpg --> www.vogtland-cowboy.de / start2.jpg
2014.08.31 18:10 B C:\Dokumente und Einstellungen\Bernd.PC-BERND\Eigene Dateien\2014 Maikel Webseite von Maikel\Start\Thumbs.db --> www.vogtland-cowboy.de / Thumbs.db
2014.08.31 18:19 B C:\Dokumente und Einstellungen\Bernd.PC-BERND\Eigene Dateien\2014 Maikel Webseite von Maikel\Start\off.gif --> www.vogtland-cowboy.de /Start off.gif
2014.08.31 18:19 B C:\Dokumente und Einstellungen\Bernd.PC-BERND\Eigene Dateien\2014 Maikel Webseite von Maikel\Start\on.gif --> www.vogtland-cowboy.de /Start on.gif
2014.08.31 18:19 B C:\Dokumente und Einstellungen\Bernd.PC-BERND\Eigene Dateien\2014 Maikel Webseite von Maikel\Start\start.jpg --> www.vogtland-cowboy.de /Start start.jpg
2014.08.31 18:19 B C:\Dokumente und Einstellungen\Bernd.PC-BERND\Eigene Dateien\2014 Maikel Webseite von Maikel\Start\start2.jpg --> www.vogtland-cowboy.de /Start start2.jpg
2014.09.22 17:51 B C:\Dokumente und Einstellungen\Bernd.PC-BERND\Eigene Dateien\2014 Maikel Webseite von Maikel\Start\image1.jpg --> www.vogtland-cowboy.de /Start image1.jpg
2014.09.22 17:51 B C:\Dokumente und Einstellungen\Bernd.PC-BERND\Eigene Dateien\2014 Maikel Webseite von Maikel\Start\image10.jpg --> www.vogtland-cowboy.de /Start image10.jpg
2014.09.22 17:51 B C:\Dokumente und Einstellungen\Bernd.PC-BERND\Eigene Dateien\2014 Maikel Webseite von Maikel\Start\image11.jpg --> www.vogtland-cowboy.de /Start image11.jpg
2014.09.22 17:51 B C:\Dokumente und Einstellungen\Bernd.PC-BERND\Eigene Dateien\2014 Maikel Webseite von Maikel\Start\image12.jpg --> www.vogtland-cowboy.de /Start image12.jpg
2014.09.22 17:51 B C:\Dokumente und Einstellungen\Bernd.PC-BERND\Eigene Dateien\2014 Maikel Webseite von Maikel\Start\image13.jpg --> www.vogtland-cowboy.de /Start image13.jpg
2014.09.22 17:51 B C:\Dokumente und Einstellungen\Bernd.PC-BERND\Eigene Dateien\2014 Maikel Webseite von Maikel\Start\image14.jpg --> www.vogtland-cowboy.de /Start image14.jpg
2014.09.22 17:51 B C:\Dokumente und Einstellungen\Bernd.PC-BERND\Eigene Dateien\2014 Maikel Webseite von Maikel\Start\image2.jpg --> www.vogtland-cowboy.de /Start image2.jpg
2014.09.22 17:52 B C:\Dokumente und Einstellungen\Bernd.PC-BERND\Eigene Dateien\2014 Maikel Webseite von Maikel\Start\image3.jpg --> www.vogtland-cowboy.de /Start image3.jpg
2014.09.22 17:52 B C:\Dokumente und Einstellungen\Bernd.PC-BERND\Eigene Dateien\2014 Maikel Webseite von Maikel\Start\image4.jpg --> www.vogtland-cowboy.de /Start image4.jpg
2014.09.22 17:52 B C:\Dokumente und Einstellungen\Bernd.PC-BERND\Eigene Dateien\2014 Maikel Webseite von Maikel\Start\image5.jpg --> www.vogtland-cowboy.de /Start image5.jpg
2014.09.22 17:52 B C:\Dokumente und Einstellungen\Bernd.PC-BERND\Eigene Dateien\2014 Maikel Webseite von Maikel\Start\image6.jpg --> www.vogtland-cowboy.de /Start image6.jpg
2014.09.22 17:52 B C:\Dokumente und Einstellungen\Bernd.PC-BERND\Eigene Dateien\2014 Maikel Webseite von Maikel\Start\image7.jpg --> www.vogtland-cowboy.de /Start image7.jpg
2014.09.22 17:52 B C:\Dokumente und Einstellungen\Bernd.PC-BERND\Eigene Dateien\2014 Maikel Webseite von Maikel\Start\image8.jpg --> www.vogtland-cowboy.de /Start image8.jpg
2014.09.22 17:52 B C:\Dokumente und Einstellungen\Bernd.PC-BERND\Eigene Dateien\2014 Maikel Webseite von Maikel\Start\image9.jpg --> www.vogtland-cowboy.de /Start image9.jpg
2014.09.22 17:52 B C:\Dokumente und Einstellungen\Bernd.PC-BERND\Eigene Dateien\2014 Maikel Webseite von Maikel\Start\start.jpg --> www.vogtland-cowboy.de /Start start.jpg
2015.01.12 20:49 B C:\Dokumente und Einstellungen\Bernd.PC-BERND\Eigene Dateien\2014 Maikel Webseite von Maikel\Start\image1.jpg --> www.vogtland-cowboy.de /Start image1.jpg
2015.01.12 20:49 B C:\Dokumente und Einstellungen\Bernd.PC-BERND\Eigene Dateien\2014 Maikel Webseite von Maikel\Start\image10.jpg --> www.vogtland-cowboy.de /Start image10.jpg
2015.01.12 20:49 B C:\Dokumente und Einstellungen\Bernd.PC-BERND\Eigene Dateien\2014 Maikel Webseite von Maikel\Start\image11.jpg --> www.vogtland-cowboy.de /Start image11.jpg
2015.01.12 20:49 B C:\Dokumente und Einstellungen\Bernd.PC-BERND\Eigene Dateien\2014 Maikel Webseite von Maikel\Start\image12.jpg --> www.vogtland-cowboy.de /Start image12.jpg
2015.01.12 20:49 B C:\Dokumente und Einstellungen\Bernd.PC-BERND\Eigene Dateien\2014 Maikel Webseite von Maikel\Start\image13.jpg --> www.vogtland-cowboy.de /Start image13.jpg
2015.01.12 20:49 B C:\Dokumente und Einstellungen\Bernd.PC-BERND\Eigene Dateien\2014 Maikel Webseite von Maikel\Start\image2.jpg --> www.vogtland-cowboy.de /Start image2.jpg
2015.01.12 20:49 B C:\Dokumente und Einstellungen\Bernd.PC-BERND\Eigene Dateien\2014 Maikel Webseite von Maikel\Start\image3.jpg --> www.vogtland-cowboy.de /Start image3.jpg
2015.01.12 20:49 B C:\Dokumente und Einstellungen\Bernd.PC-BERND\Eigene Dateien\2014 Maikel Webseite von Maikel\Start\image4.jpg --> www.vogtland-cowboy.de /Start image4.jpg
2015.01.12 20:50 B C:\Dokumente und Einstellungen\Bernd.PC-BERND\Eigene Dateien\2014 Maikel Webseite von Maikel\Start\image5.jpg --> www.vogtland-cowboy.de /Start image5.jpg
2015.01.12 20:50 B C:\Dokumente und Einstellungen\Bernd.PC-BERND\Eigene Dateien\2014 Maikel Webseite von Maikel\Start\image6.jpg --> www.vogtland-cowboy.de /Start image6.jpg
2015.01.12 20:50 B C:\Dokumente und Einstellungen\Bernd.PC-BERND\Eigene Dateien\2014 Maikel Webseite von Maikel\Start\image7.jpg --> www.vogtland-cowboy.de /Start image7.jpg
2015.01.12 20:50 B C:\Dokumente und Einstellungen\Bernd.PC-BERND\Eigene Dateien\2014 Maikel Webseite von Maikel\Start\image8.jpg --> www.vogtland-cowboy.de /Start image8.jpg
2015.01.12 20:50 B C:\Dokumente und Einstellungen\Bernd.PC-BERND\Eigene Dateien\2014 Maikel Webseite von Maikel\Start\image9.jpg --> www.vogtland-cowboy.de /Start image9.jpg
2015.01.12 20:50 B C:\Dokumente und Einstellungen\Bernd.PC-BERND\Eigene Dateien\2014 Maikel Webseite von Maikel\Start\Start.jpg --> www.vogtland-cowboy.de /Start Start.jpg
2015.01.12 20:55 B C:\Dokumente und Einstellungen\Bernd.PC-BERND\Eigene Dateien\2014 Maikel Webseite von Maikel\Start\start.jpg --> www.vogtland-cowboy.de /Start start.jpg
2015.01.25 13:52 B C:\Dokumente und Einstellungen\Bernd.PC-BERND\Eigene Dateien\2014 Maikel Webseite von Maikel\Start\start.jpg --> www.vogtland-cowboy.de /Start start.jpg
2015.08.19 18:41 B C:\Dokumente und Einstellungen\Bernd.PC-BERND\Eigene Dateien\2014 Maikel Webseite von Maikel\Start\image1.jpg --> www.vogtland-cowboy.de /Start image1.jpg
2015.08.19 18:42 B C:\Dokumente und Einstellungen\Bernd.PC-BERND\Eigene Dateien\2014 Maikel Webseite von Maikel\Start\image10.jpg --> www.vogtland-cowboy.de /Start image10.jpg
2015.08.19 18:42 B C:\Dokumente und Einstellungen\Bernd.PC-BERND\Eigene Dateien\2014 Maikel Webseite von Maikel\Start\image11.jpg --> www.vogtland-cowboy.de /Start image11.jpg
2015.08.19 18:42 B C:\Dokumente und Einstellungen\Bernd.PC-BERND\Eigene Dateien\2014 Maikel Webseite von Maikel\Start\image12.jpg --> www.vogtland-cowboy.de /Start image12.jpg
2015.08.19 18:43 B C:\Dokumente und Einstellungen\Bernd.PC-BERND\Eigene Dateien\2014 Maikel Webseite von Maikel\Start\image13.jpg --> www.vogtland-cowboy.de /Start image13.jpg
2015.08.19 18:43 B C:\Dokumente und Einstellungen\Bernd.PC-BERND\Eigene Dateien\2014 Maikel Webseite von Maikel\Start\image2.jpg --> www.vogtland-cowboy.de /Start image2.jpg
2015.08.19 18:43 B C:\Dokumente und Einstellungen\Bernd.PC-BERND\Eigene Dateien\2014 Maikel Webseite von Maikel\Start\image3.jpg --> www.vogtland-cowboy.de /Start image3.jpg
2015.08.19 18:44 B C:\Dokumente und Einstellungen\Bernd.PC-BERND\Eigene Dateien\2014 Maikel Webseite von Maikel\Start\image4.jpg --> www.vogtland-cowboy.de /Start image4.jpg
2015.08.19 18:45 B C:\Dokumente und Einstellungen\Bernd.PC-BERND\Eigene Dateien\2014 Maikel Webseite von Maikel\Start\start.jpg --> www.vogtland-cowboy.de /Start start.jpg
2015.08.19 19:33 B C:\Dokumente und Einstellungen\Bernd.PC-BERND\Eigene Dateien\2014 Maikel Webseite von Maikel\Start\image1.jpg --> www.vogtland-cowboy.de /Start image1.jpg
2015.08.19 19:33 B C:\Dokumente und Einstellungen\Bernd.PC-BERND\Eigene Dateien\2014 Maikel Webseite von Maikel\Start\image10.jpg --> www.vogtland-cowboy.de /Start image10.jpg
2015.08.19 19:33 B C:\Dokumente und Einstellungen\Bernd.PC-BERND\Eigene Dateien\2014 Maikel Webseite von Maikel\Start\image11.jpg --> www.vogtland-cowboy.de /Start image11.jpg
2015.08.19 19:34 B C:\Dokumente und Einstellungen\Bernd.PC-BERND\Eigene Dateien\2014 Maikel Webseite von Maikel\Start\image12.jpg --> www.vogtland-cowboy.de /Start image12.jpg
2015.08.19 19:34 B C:\Dokumente und Einstellungen\Bernd.PC-BERND\Eigene Dateien\2014 Maikel Webseite von Maikel\Start\image13.jpg --> www.vogtland-cowboy.de /Start image13.jpg
2015.08.19 19:34 B C:\Dokumente und Einstellungen\Bernd.PC-BERND\Eigene Dateien\2014 Maikel Webseite von Maikel\Start\image2.jpg --> www.vogtland-cowboy.de /Start image2.jpg
2015.08.19 19:34 B C:\Dokumente und Einstellungen\Bernd.PC-BERND\Eigene Dateien\2014 Maikel Webseite von Maikel\Start\image3.jpg --> www.vogtland-cowboy.de /Start image3.jpg
2015.08.19 19:34 B C:\Dokumente und Einstellungen\Bernd.PC-BERND\Eigene Dateien\2014 Maikel Webseite von Maikel\Start\image4.jpg --> www.vogtland-cowboy.de /Start image4.jpg
2015.08.19 19:34 B C:\Dokumente und Einstellungen\Bernd.PC-BERND\Eigene Dateien\2014 Maikel Webseite von Maikel\Start\image5.jpg --> www.vogtland-cowboy.de /Start image5.jpg
2015.08.19 19:34 B C:\Dokumente und Einstellungen\Bernd.PC-BERND\Eigene Dateien\2014 Maikel Webseite von Maikel\Start\image6.jpg --> www.vogtland-cowboy.de /Start image6.jpg
2015.08.19 19:34 B C:\Dokumente und Einstellungen\Bernd.PC-BERND\Eigene Dateien\2014 Maikel Webseite von Maikel\Start\image7.jpg --> www.vogtland-cowboy.de /Start image7.jpg
2015.08.19 19:34 B C:\Dokumente und Einstellungen\Bernd.PC-BERND\Eigene Dateien\2014 Maikel Webseite von Maikel\Start\image8.jpg --> www.vogtland-cowboy.de /Start image8.jpg
2015.08.19 19:34 B C:\Dokumente und Einstellungen\Bernd.PC-BERND\Eigene Dateien\2014 Maikel Webseite von Maikel\Start\image9.jpg --> www.vogtland-cowboy.de /Start image9.jpg
2015.08.19 19:34 B C:\Dokumente und Einstellungen\Bernd.PC-BERND\Eigene Dateien\2014 Maikel Webseite von Maikel\Start\start.jpg --> www.vogtland-cowboy.de /Start start.jpg
2015.08.19 19:45 B C:\Dokumente und Einstellungen\Bernd.PC-BERND\Eigene Dateien\2014 Maikel Webseite von Maikel\Start\image1.jpg --> www.vogtland-cowboy.de /Start image1.jpg
2016.03.28 18:10 B C:\Dokumente und Einstellungen\Bernd.PC-BERND\Eigene Dateien\2014 Maikel Webseite von Maikel\Start\image1.jpg --> www.vogtland-cowboy.de /Start image1.jpg
2016.03.28 18:11 B C:\Dokumente und Einstellungen\Bernd.PC-BERND\Eigene Dateien\2014 Maikel Webseite von Maikel\Start\image10.jpg --> www.vogtland-cowboy.de /Start image10.jpg
2016.03.28 18:11 B C:\Dokumente und Einstellungen\Bernd.PC-BERND\Eigene Dateien\2014 Maikel Webseite von Maikel\Start\image11.jpg --> www.vogtland-cowboy.de /Start image11.jpg
2016.03.28 18:11 B C:\Dokumente und Einstellungen\Bernd.PC-BERND\Eigene Dateien\2014 Maikel Webseite von Maikel\Start\image12.jpg --> www.vogtland-cowboy.de /Start image12.jpg
2016.03.28 18:11 B C:\Dokumente und Einstellungen\Bernd.PC-BERND\Eigene Dateien\2014 Maikel Webseite von Maikel\Start\image13.jpg --> www.vogtland-cowboy.de /Start image13.jpg
2016.03.28 18:11 B C:\Dokumente und Einstellungen\Bernd.PC-BERND\Eigene Dateien\2014 Maikel Webseite von Maikel\Start\image2.jpg --> www.vogtland-cowboy.de /Start image2.jpg
2016.03.28 18:11 B C:\Dokumente und Einstellungen\Bernd.PC-BERND\Eigene Dateien\2014 Maikel Webseite von Maikel\Start\image3.jpg --> www.vogtland-cowboy.de /Start image3.jpg
2016.03.28 18:11 B C:\Dokumente und Einstellungen\Bernd.PC-BERND\Eigene Dateien\2014 Maikel Webseite von Maikel\Start\image4.jpg --> www.vogtland-cowboy.de /Start image4.jpg
2016.03.28 18:11 B C:\Dokumente und Einstellungen\Bernd.PC-BERND\Eigene Dateien\2014 Maikel Webseite von Maikel\Start\image5.jpg --> www.vogtland-cowboy.de /Start image5.jpg
2016.03.28 18:11 B C:\Dokumente und Einstellungen\Bernd.PC-BERND\Eigene Dateien\2014 Maikel Webseite von Maikel\Start\image6.jpg --> www.vogtland-cowboy.de /Start image6.jpg
2016.03.28 18:11 B C:\Dokumente und Einstellungen\Bernd.PC-BERND\Eigene Dateien\2014 Maikel Webseite von Maikel\Start\image7.jpg --> www.vogtland-cowboy.de /Start image7.jpg
2016.03.28 18:11 B C:\Dokumente und Einstellungen\Bernd.PC-BERND\Eigene Dateien\2014 Maikel Webseite von Maikel\Start\image8.jpg --> www.vogtland-cowboy.de /Start image8.jpg
2016.03.28 18:11 B C:\Dokumente und Einstellungen\Bernd.PC-BERND\Eigene Dateien\2014 Maikel Webseite von Maikel\Start\image9.jpg --> www.vogtland-cowboy.de /Start image9.jpg
2016.03.28 18:11 B C:\Dokumente und Einstellungen\Bernd.PC-BERND\Eigene Dateien\2014 Maikel Webseite von Maikel\Start\index.html --> www.vogtland-cowboy.de /Start index.html
2016.03.28 18:11 B C:\Dokumente und Einstellungen\Bernd.PC-BERND\Eigene Dateien\2014 Maikel Webseite von Maikel\Start\kerstin.jpg --> www.vogtland-cowboy.de /Start kerstin.jpg
2016.03.28 18:11 B C:\Dokumente und Einstellungen\Bernd.PC-BERND\Eigene Dateien\2014 Maikel Webseite von Maikel\Start\off.gif --> www.vogtland-cowboy.de /Start off.gif
2016.03.28 18:11 B C:\Dokumente und Einstellungen\Bernd.PC-BERND\Eigene Dateien\2014 Maikel Webseite von Maikel\Start\on.gif --> www.vogtland-cowboy.de /Start on.gif
2016.03.28 18:11 B C:\Dokumente und Einstellungen\Bernd.PC-BERND\Eigene Dateien\2014 Maikel Webseite von Maikel\Start\start.jpg --> www.vogtland-cowboy.de /Start start.jpg
2016.03.28 18:11 B C:\Dokumente und Einstellungen\Bernd.PC-BERND\Eigene Dateien\2014 Maikel Webseite von Maikel\Start\start2.jpg --> www.vogtland-cowboy.de /Start start2.jpg
2016.03.28 18:11 B C:\Dokumente und Einstellungen\Bernd.PC-BERND\Eigene Dateien\2014 Maikel Webseite von Maikel\Start\Thumbs.db --> www.vogtland-cowboy.de /Start Thumbs.db
2016.03.28 18:11 B C:\Dokumente und Einstellungen\Bernd.PC-BERND\Eigene Dateien\2014 Maikel Webseite von Maikel\Start\WS_FTP.LOG --> www.vogtland-cowboy.de /Start WS_FTP.LOG
2018.11.12 09:50 B C:\Dokumente und Einstellungen\Bernd.PC-BERND\Eigene Dateien\2018 Maikel Webseite von Maikel\Start\image1.jpg --> www.vogtland-cowboy.de /Start image1.jpg
2018.11.12 09:50 B C:\Dokumente und Einstellungen\Bernd.PC-BERND\Eigene Dateien\2018 Maikel Webseite von Maikel\Start\image10.jpg --> www.vogtland-cowboy.de /Start image10.jpg
2018.11.12 09:50 B C:\Dokumente und Einstellungen\Bernd.PC-BERND\Eigene Dateien\2018 Maikel Webseite von Maikel\Start\image11.jpg --> www.vogtland-cowboy.de /Start image11.jpg
2018.11.12 09:50 B C:\Dokumente und Einstellungen\Bernd.PC-BERND\Eigene Dateien\2018 Maikel Webseite von Maikel\Start\image12.jpg --> www.vogtland-cowboy.de /Start image12.jpg
2018.11.12 09:50 B C:\Dokumente und Einstellungen\Bernd.PC-BERND\Eigene Dateien\2018 Maikel Webseite von Maikel\Start\image13.jpg --> www.vogtland-cowboy.de /Start image13.jpg
2018.11.12 09:50 B C:\Dokumente und Einstellungen\Bernd.PC-BERND\Eigene Dateien\2018 Maikel Webseite von Maikel\Start\image2.jpg --> www.vogtland-cowboy.de /Start image2.jpg
2018.11.12 09:50 B C:\Dokumente und Einstellungen\Bernd.PC-BERND\Eigene Dateien\2018 Maikel Webseite von Maikel\Start\image3.jpg --> www.vogtland-cowboy.de /Start image3.jpg
2018.11.12 09:50 B C:\Dokumente und Einstellungen\Bernd.PC-BERND\Eigene Dateien\2018 Maikel Webseite von Maikel\Start\image4.jpg --> www.vogtland-cowboy.de /Start image4.jpg
2018.11.12 09:50 B C:\Dokumente und Einstellungen\Bernd.PC-BERND\Eigene Dateien\2018 Maikel Webseite von Maikel\Start\image5.jpg --> www.vogtland-cowboy.de /Start image5.jpg
2018.11.12 09:50 B C:\Dokumente und Einstellungen\Bernd.PC-BERND\Eigene Dateien\2018 Maikel Webseite von Maikel\Start\image6.jpg --> www.vogtland-cowboy.de /Start image6.jpg
2018.11.12 09:50 B C:\Dokumente und Einstellungen\Bernd.PC-BERND\Eigene Dateien\2018 Maikel Webseite von Maikel\Start\image7.jpg --> www.vogtland-cowboy.de /Start image7.jpg
2018.11.12 09:50 B C:\Dokumente und Einstellungen\Bernd.PC-BERND\Eigene Dateien\2018 Maikel Webseite von Maikel\Start\image8.jpg --> www.vogtland-cowboy.de /Start image8.jpg
2018.11.12 09:50 B C:\Dokumente und Einstellungen\Bernd.PC-BERND\Eigene Dateien\2018 Maikel Webseite von Maikel\Start\image9.jpg --> www.vogtland-cowboy.de /Start image9.jpg
2018.11.12 09:50 B C:\Dokumente und Einstellungen\Bernd.PC-BERND\Eigene Dateien\2018 Maikel Webseite von Maikel\Start\start.jpg --> www.vogtland-cowboy.de /Start start.jpg
2018.11.12 09:55 B C:\Dokumente und Einstellungen\Bernd.PC-BERND\Eigene Dateien\2018 Maikel Webseite von Maikel\Start\start.jpg --> www.vogtland-cowboy.de /Start start.jpg
2019.08.29 12:40 B C:\Dokumente und Einstellungen\Bernd.PC-BERND\Eigene Dateien\2019 Maikel Webseite von Maikel\Start\image1.jpg --> www.vogtland-cowboy.de /httpdocs/Start image1.jpg
2019.08.29 12:40 B C:\Dokumente und Einstellungen\Bernd.PC-BERND\Eigene Dateien\2019 Maikel Webseite von Maikel\Start\image10.jpg --> www.vogtland-cowboy.de /httpdocs/Start image10.jpg
2019.08.29 12:40 B C:\Dokumente und Einstellungen\Bernd.PC-BERND\Eigene Dateien\2019 Maikel Webseite von Maikel\Start\image11.jpg --> www.vogtland-cowboy.de /httpdocs/Start image11.jpg
2019.08.29 12:40 B C:\Dokumente und Einstellungen\Bernd.PC-BERND\Eigene Dateien\2019 Maikel Webseite von Maikel\Start\image12.jpg --> www.vogtland-cowboy.de /httpdocs/Start image12.jpg
2019.08.29 12:40 B C:\Dokumente und Einstellungen\Bernd.PC-BERND\Eigene Dateien\2019 Maikel Webseite von Maikel\Start\image13.jpg --> www.vogtland-cowboy.de /httpdocs/Start image13.jpg
2019.08.29 12:40 B C:\Dokumente und Einstellungen\Bernd.PC-BERND\Eigene Dateien\2019 Maikel Webseite von Maikel\Start\image14.jpg --> www.vogtland-cowboy.de /httpdocs/Start image14.jpg
2019.08.29 12:40 B C:\Dokumente und Einstellungen\Bernd.PC-BERND\Eigene Dateien\2019 Maikel Webseite von Maikel\Start\image2.jpg --> www.vogtland-cowboy.de /httpdocs/Start image2.jpg
2019.08.29 12:40 B C:\Dokumente und Einstellungen\Bernd.PC-BERND\Eigene Dateien\2019 Maikel Webseite von Maikel\Start\image3.jpg --> www.vogtland-cowboy.de /httpdocs/Start image3.jpg
2019.08.29 12:40 B C:\Dokumente und Einstellungen\Bernd.PC-BERND\Eigene Dateien\2019 Maikel Webseite von Maikel\Start\image4.jpg --> www.vogtland-cowboy.de /httpdocs/Start image4.jpg
2019.08.29 12:40 B C:\Dokumente und Einstellungen\Bernd.PC-BERND\Eigene Dateien\2019 Maikel Webseite von Maikel\Start\image5.jpg --> www.vogtland-cowboy.de /httpdocs/Start image5.jpg
2019.08.29 12:40 B C:\Dokumente und Einstellungen\Bernd.PC-BERND\Eigene Dateien\2019 Maikel Webseite von Maikel\Start\image6.jpg --> www.vogtland-cowboy.de /httpdocs/Start image6.jpg
2019.08.29 12:40 B C:\Dokumente und Einstellungen\Bernd.PC-BERND\Eigene Dateien\2019 Maikel Webseite von Maikel\Start\image7.jpg --> www.vogtland-cowboy.de /httpdocs/Start image7.jpg
2019.08.29 12:40 B C:\Dokumente und Einstellungen\Bernd.PC-BERND\Eigene Dateien\2019 Maikel Webseite von Maikel\Start\image8.jpg --> www.vogtland-cowboy.de /httpdocs/Start image8.jpg
2019.08.29 12:40 B C:\Dokumente und Einstellungen\Bernd.PC-BERND\Eigene Dateien\2019 Maikel Webseite von Maikel\Start\image9.jpg --> www.vogtland-cowboy.de /httpdocs/Start image9.jpg
2019.08.29 12:40 B C:\Dokumente und Einstellungen\Bernd.PC-BERND\Eigene Dateien\2019 Maikel Webseite von Maikel\Start\index.html --> www.vogtland-cowboy.de /httpdocs/Start index.html
2019.08.29 12:40 B C:\Dokumente und Einstellungen\Bernd.PC-BERND\Eigene Dateien\2019 Maikel Webseite von Maikel\Start\start.jpg --> www.vogtland-cowboy.de /httpdocs/Start start.jpg
2019.08.29 12:40 B C:\Dokumente und Einstellungen\Bernd.PC-BERND\Eigene Dateien\2019 Maikel Webseite von Maikel\Start\Thumbs.db --> www.vogtland-cowboy.de /httpdocs/Start Thumbs.db
2019.08.29 12:40 B C:\Dokumente und Einstellungen\Bernd.PC-BERND\Eigene Dateien\2019 Maikel Webseite von Maikel\Start\WS_FTP.LOG --> www.vogtland-cowboy.de /httpdocs/Start WS_FTP.LOG
2020.10.08 12:19 B E:\2020 Maikel Webseite von Maikel\Start\image10.jpg --> www.vogtland-cowboy.de /httpdocs/Start image10.jpg
2020.10.08 12:19 B E:\2020 Maikel Webseite von Maikel\Start\image1.jpg --> www.vogtland-cowboy.de /httpdocs/Start image1.jpg
2020.10.08 12:19 B E:\2020 Maikel Webseite von Maikel\Start\image13.jpg --> www.vogtland-cowboy.de /httpdocs/Start image13.jpg
2020.10.08 12:19 B E:\2020 Maikel Webseite von Maikel\Start\image12.jpg --> www.vogtland-cowboy.de /httpdocs/Start image12.jpg
2020.10.08 12:19 B E:\2020 Maikel Webseite von Maikel\Start\image2.jpg --> www.vogtland-cowboy.de /httpdocs/Start image2.jpg
2020.10.08 12:19 B E:\2020 Maikel Webseite von Maikel\Start\image11.jpg --> www.vogtland-cowboy.de /httpdocs/Start image11.jpg
2020.10.08 12:19 B E:\2020 Maikel Webseite von Maikel\Start\image3.jpg --> www.vogtland-cowboy.de /httpdocs/Start image3.jpg
2020.10.08 12:19 B E:\2020 Maikel Webseite von Maikel\Start\start.jpg --> www.vogtland-cowboy.de /httpdocs/Start start.jpg
2020.10.08 12:19 B E:\2020 Maikel Webseite von Maikel\Start\image5.jpg --> www.vogtland-cowboy.de /httpdocs/Start image5.jpg
2020.10.08 12:20 B E:\2020 Maikel Webseite von Maikel\Start\image9.jpg --> www.vogtland-cowboy.de /httpdocs/Start image9.jpg
2020.10.08 12:20 B E:\2020 Maikel Webseite von Maikel\Start\image8.jpg --> www.vogtland-cowboy.de /httpdocs/Start image8.jpg
2020.10.08 12:20 B E:\2020 Maikel Webseite von Maikel\Start\image7.jpg --> www.vogtland-cowboy.de /httpdocs/Start image7.jpg
2020.10.08 12:20 B E:\2020 Maikel Webseite von Maikel\Start\image6.jpg --> www.vogtland-cowboy.de /httpdocs/Start image6.jpg
2020.10.08 12:20 B E:\2020 Maikel Webseite von Maikel\Start\image4.jpg --> www.vogtland-cowboy.de /httpdocs/Start image4.jpg
2021.01.12 10:40 B E:\2020 Maikel Webseite von Maikel\Start\start.jpg --> www.vogtland-cowboy.de /httpdocs/Start start.jpg
2021.01.12 11:10 B E:\2020 Maikel Webseite von Maikel\Start\start.jpg --> www.vogtland-cowboy.de /httpdocs/Start start.jpg
2021.08.02 12:10 B E:\2020 Maikel Webseite von Maikel\Start\image1 .jpg --> www.vogtland-cowboy.de /httpdocs image1 .jpg
2021.08.02 12:10 B E:\2020 Maikel Webseite von Maikel\Start\image10.jpg --> www.vogtland-cowboy.de /httpdocs image10.jpg
2021.08.02 12:10 B E:\2020 Maikel Webseite von Maikel\Start\image11.jpg --> www.vogtland-cowboy.de /httpdocs image11.jpg
2021.08.02 12:10 B E:\2020 Maikel Webseite von Maikel\Start\image12.jpg --> www.vogtland-cowboy.de /httpdocs image12.jpg
2021.08.02 12:10 B E:\2020 Maikel Webseite von Maikel\Start\image2.jpg --> www.vogtland-cowboy.de /httpdocs image2.jpg
2021.08.02 12:10 B E:\2020 Maikel Webseite von Maikel\Start\image3 .jpg --> www.vogtland-cowboy.de /httpdocs image3 .jpg
2021.08.02 12:10 B E:\2020 Maikel Webseite von Maikel\Start\image4 .jpg --> www.vogtland-cowboy.de /httpdocs image4 .jpg
2021.08.02 12:10 B E:\2020 Maikel Webseite von Maikel\Start\image5 .jpg --> www.vogtland-cowboy.de /httpdocs image5 .jpg
2021.08.02 12:10 B E:\2020 Maikel Webseite von Maikel\Start\image6 .jpg --> www.vogtland-cowboy.de /httpdocs image6 .jpg
2021.08.02 12:10 B E:\2020 Maikel Webseite von Maikel\Start\image7.jpg --> www.vogtland-cowboy.de /httpdocs image7.jpg
2021.08.02 12:10 B E:\2020 Maikel Webseite von Maikel\Start\image8.jpg --> www.vogtland-cowboy.de /httpdocs image8.jpg
2021.08.02 12:10 B E:\2020 Maikel Webseite von Maikel\Start\image9.jpg --> www.vogtland-cowboy.de /httpdocs image9.jpg
2021.08.02 12:11 B E:\2020 Maikel Webseite von Maikel\Start\index.html --> www.vogtland-cowboy.de /httpdocs index.html
2021.08.02 12:11 B E:\2020 Maikel Webseite von Maikel\Start\kerstin.jpg --> www.vogtland-cowboy.de /httpdocs kerstin.jpg
2021.08.02 12:11 B E:\2020 Maikel Webseite von Maikel\Start\off.gif --> www.vogtland-cowboy.de /httpdocs off.gif
2021.08.02 12:11 B E:\2020 Maikel Webseite von Maikel\Start\on.gif --> www.vogtland-cowboy.de /httpdocs on.gif
2021.08.02 12:11 B E:\2020 Maikel Webseite von Maikel\Start\start.jpg --> www.vogtland-cowboy.de /httpdocs start.jpg
2021.08.02 12:11 B E:\2020 Maikel Webseite von Maikel\Start\start2.jpg --> www.vogtland-cowboy.de /httpdocs start2.jpg
2021.08.02 12:11 B E:\2020 Maikel Webseite von Maikel\Start\Thumbs.db --> www.vogtland-cowboy.de /httpdocs Thumbs.db
2021.08.02 12:11 B E:\2020 Maikel Webseite von Maikel\Start\WS_FTP.LOG --> www.vogtland-cowboy.de /httpdocs WS_FTP.LOG
2021.08.02 12:15 B E:\2020 Maikel Webseite von Maikel\Start\image1 .jpg --> www.vogtland-cowboy.de /httpdocs image1 .jpg
2021.08.02 12:15 B E:\2020 Maikel Webseite von Maikel\Start\image10.jpg --> www.vogtland-cowboy.de /httpdocs image10.jpg
2021.08.02 12:15 B E:\2020 Maikel Webseite von Maikel\Start\image11.jpg --> www.vogtland-cowboy.de /httpdocs image11.jpg
2021.08.02 12:15 B E:\2020 Maikel Webseite von Maikel\Start\image12.jpg --> www.vogtland-cowboy.de /httpdocs image12.jpg
2021.08.02 12:15 B E:\2020 Maikel Webseite von Maikel\Start\image2.jpg --> www.vogtland-cowboy.de /httpdocs image2.jpg
2021.08.02 12:15 B E:\2020 Maikel Webseite von Maikel\Start\image3 .jpg --> www.vogtland-cowboy.de /httpdocs image3 .jpg
2021.08.02 12:15 B E:\2020 Maikel Webseite von Maikel\Start\image4 .jpg --> www.vogtland-cowboy.de /httpdocs image4 .jpg
2021.08.02 12:15 B E:\2020 Maikel Webseite von Maikel\Start\image5 .jpg --> www.vogtland-cowboy.de /httpdocs image5 .jpg
2021.08.02 12:15 B E:\2020 Maikel Webseite von Maikel\Start\image6 .jpg --> www.vogtland-cowboy.de /httpdocs image6 .jpg
2021.08.02 12:15 B E:\2020 Maikel Webseite von Maikel\Start\image7.jpg --> www.vogtland-cowboy.de /httpdocs image7.jpg
2021.08.02 12:15 B E:\2020 Maikel Webseite von Maikel\Start\image8.jpg --> www.vogtland-cowboy.de /httpdocs image8.jpg
2021.08.02 12:15 B E:\2020 Maikel Webseite von Maikel\Start\image9.jpg --> www.vogtland-cowboy.de /httpdocs image9.jpg
2021.08.02 12:15 B E:\2020 Maikel Webseite von Maikel\Start\index.html --> www.vogtland-cowboy.de /httpdocs index.html
2021.08.02 12:15 B E:\2020 Maikel Webseite von Maikel\Start\kerstin.jpg --> www.vogtland-cowboy.de /httpdocs kerstin.jpg
2021.08.02 12:15 B E:\2020 Maikel Webseite von Maikel\Start\off.gif --> www.vogtland-cowboy.de /httpdocs off.gif
2021.08.02 12:15 B E:\2020 Maikel Webseite von Maikel\Start\on.gif --> www.vogtland-cowboy.de /httpdocs on.gif
2021.08.02 12:15 B E:\2020 Maikel Webseite von Maikel\Start\start.jpg --> www.vogtland-cowboy.de /httpdocs start.jpg
2021.08.02 12:15 B E:\2020 Maikel Webseite von Maikel\Start\start2.jpg --> www.vogtland-cowboy.de /httpdocs start2.jpg
2021.08.02 12:15 B E:\2020 Maikel Webseite von Maikel\Start\Thumbs.db --> www.vogtland-cowboy.de /httpdocs Thumbs.db
2021.08.02 12:15 B E:\2020 Maikel Webseite von Maikel\Start\WS_FTP.LOG --> www.vogtland-cowboy.de /httpdocs WS_FTP.LOG
2021.08.02 12:23 B E:\2020 Maikel Webseite von Maikel\Start\image1 .jpg --> www.vogtland-cowboy.de /httpdocs image1 .jpg
2021.08.02 12:23 B E:\2020 Maikel Webseite von Maikel\Start\image1 .jpg --> www.vogtland-cowboy.de /httpdocs/Start image1 .jpg
2021.08.02 12:24 B E:\2020 Maikel Webseite von Maikel\Start\image10.jpg --> www.vogtland-cowboy.de /httpdocs/Start image10.jpg
2021.08.02 12:24 B E:\2020 Maikel Webseite von Maikel\Start\image11.jpg --> www.vogtland-cowboy.de /httpdocs/Start image11.jpg
2021.08.02 12:24 B E:\2020 Maikel Webseite von Maikel\Start\image12.jpg --> www.vogtland-cowboy.de /httpdocs/Start image12.jpg
2021.08.02 12:24 B E:\2020 Maikel Webseite von Maikel\Start\image2.jpg --> www.vogtland-cowboy.de /httpdocs/Start image2.jpg
2021.08.02 12:24 B E:\2020 Maikel Webseite von Maikel\Start\image3 .jpg --> www.vogtland-cowboy.de /httpdocs/Start image3 .jpg
2021.08.02 12:24 B E:\2020 Maikel Webseite von Maikel\Start\image4 .jpg --> www.vogtland-cowboy.de /httpdocs/Start image4 .jpg
2021.08.02 12:24 B E:\2020 Maikel Webseite von Maikel\Start\image5 .jpg --> www.vogtland-cowboy.de /httpdocs/Start image5 .jpg
2021.08.02 12:24 B E:\2020 Maikel Webseite von Maikel\Start\image6 .jpg --> www.vogtland-cowboy.de /httpdocs/Start image6 .jpg
2021.08.02 12:24 B E:\2020 Maikel Webseite von Maikel\Start\image7.jpg --> www.vogtland-cowboy.de /httpdocs/Start image7.jpg
2021.08.02 12:24 B E:\2020 Maikel Webseite von Maikel\Start\image8.jpg --> www.vogtland-cowboy.de /httpdocs/Start image8.jpg
2021.08.02 12:24 B E:\2020 Maikel Webseite von Maikel\Start\image9.jpg --> www.vogtland-cowboy.de /httpdocs/Start image9.jpg
2021.08.02 12:24 B E:\2020 Maikel Webseite von Maikel\Start\index.html --> www.vogtland-cowboy.de /httpdocs/Start index.html
2021.08.02 12:24 B E:\2020 Maikel Webseite von Maikel\Start\kerstin.jpg --> www.vogtland-cowboy.de /httpdocs/Start kerstin.jpg
2021.08.02 12:24 B E:\2020 Maikel Webseite von Maikel\Start\off.gif --> www.vogtland-cowboy.de /httpdocs/Start off.gif
2021.08.02 12:24 B E:\2020 Maikel Webseite von Maikel\Start\on.gif --> www.vogtland-cowboy.de /httpdocs/Start on.gif
2021.08.02 12:24 B E:\2020 Maikel Webseite von Maikel\Start\start.jpg --> www.vogtland-cowboy.de /httpdocs/Start start.jpg
2021.08.02 12:24 B E:\2020 Maikel Webseite von Maikel\Start\start2.jpg --> www.vogtland-cowboy.de /httpdocs/Start start2.jpg
2021.08.02 12:24 B E:\2020 Maikel Webseite von Maikel\Start\Thumbs.db --> www.vogtland-cowboy.de /httpdocs/Start Thumbs.db
2021.08.02 12:35 B E:\2020 Maikel Webseite von Maikel\Start\image1 .jpg --> www.vogtland-cowboy.de /httpdocs/Start image1 .jpg
2021.08.02 12:35 B E:\2020 Maikel Webseite von Maikel\Start\image10.jpg --> www.vogtland-cowboy.de /httpdocs/Start image10.jpg
2021.08.02 12:35 B E:\2020 Maikel Webseite von Maikel\Start\image11.jpg --> www.vogtland-cowboy.de /httpdocs/Start image11.jpg
2021.08.02 12:35 B E:\2020 Maikel Webseite von Maikel\Start\image12.jpg --> www.vogtland-cowboy.de /httpdocs/Start image12.jpg
2021.08.02 12:35 B E:\2020 Maikel Webseite von Maikel\Start\image2.jpg --> www.vogtland-cowboy.de /httpdocs/Start image2.jpg
2021.08.02 12:35 B E:\2020 Maikel Webseite von Maikel\Start\image3 .jpg --> www.vogtland-cowboy.de /httpdocs/Start image3 .jpg
2021.08.02 12:35 B E:\2020 Maikel Webseite von Maikel\Start\image4 .jpg --> www.vogtland-cowboy.de /httpdocs/Start image4 .jpg
2021.08.02 12:35 B E:\2020 Maikel Webseite von Maikel\Start\image5 .jpg --> www.vogtland-cowboy.de /httpdocs/Start image5 .jpg
2021.08.02 12:35 B E:\2020 Maikel Webseite von Maikel\Start\image6 .jpg --> www.vogtland-cowboy.de /httpdocs/Start image6 .jpg
2021.08.02 12:35 B E:\2020 Maikel Webseite von Maikel\Start\image7.jpg --> www.vogtland-cowboy.de /httpdocs/Start image7.jpg
2021.08.02 12:35 B E:\2020 Maikel Webseite von Maikel\Start\image8.jpg --> www.vogtland-cowboy.de /httpdocs/Start image8.jpg
2021.08.02 12:35 B E:\2020 Maikel Webseite von Maikel\Start\image9.jpg --> www.vogtland-cowboy.de /httpdocs/Start image9.jpg
2021.08.02 12:35 B E:\2020 Maikel Webseite von Maikel\Start\index.html --> www.vogtland-cowboy.de /httpdocs/Start index.html
2021.08.02 12:35 B E:\2020 Maikel Webseite von Maikel\Start\kerstin.jpg --> www.vogtland-cowboy.de /httpdocs/Start kerstin.jpg
2021.08.02 12:35 B E:\2020 Maikel Webseite von Maikel\Start\off.gif --> www.vogtland-cowboy.de /httpdocs/Start off.gif
2021.08.02 12:35 B E:\2020 Maikel Webseite von Maikel\Start\on.gif --> www.vogtland-cowboy.de /httpdocs/Start on.gif
2021.08.02 12:35 B E:\2020 Maikel Webseite von Maikel\Start\start.jpg --> www.vogtland-cowboy.de /httpdocs/Start start.jpg
2021.08.02 12:35 B E:\2020 Maikel Webseite von Maikel\Start\start2.jpg --> www.vogtland-cowboy.de /httpdocs/Start start2.jpg
2021.08.02 12:35 B E:\2020 Maikel Webseite von Maikel\Start\Thumbs.db --> www.vogtland-cowboy.de /httpdocs/Start Thumbs.db
2021.08.02 12:35 B E:\2020 Maikel Webseite von Maikel\Start\WS_FTP.LOG --> www.vogtland-cowboy.de /httpdocs/Start WS_FTP.LOG
2022.09.27 13:01 B E:\2022. Maikel Webseite von Maikel\Start\image1.jpg --> www.vogtland-cowboy.de /httpdocs/Start image1.jpg
2022.09.27 13:01 B E:\2022. Maikel Webseite von Maikel\Start\image2.jpg --> www.vogtland-cowboy.de /httpdocs/Start image2.jpg
2022.09.27 13:01 B E:\2022. Maikel Webseite von Maikel\Start\image3 .jpg --> www.vogtland-cowboy.de /httpdocs/Start image3 .jpg
2022.09.27 13:01 B E:\2022. Maikel Webseite von Maikel\Start\image4.jpg --> www.vogtland-cowboy.de /httpdocs/Start image4.jpg
2022.09.27 13:05 B E:\2022. Maikel Webseite von Maikel\Start\image1.jpg --> www.vogtland-cowboy.de /httpdocs/Start image1.jpg
2022.09.27 13:05 B E:\2022. Maikel Webseite von Maikel\Start\image2.jpg --> www.vogtland-cowboy.de /httpdocs/Start image2.jpg
2022.09.27 13:05 B E:\2022. Maikel Webseite von Maikel\Start\image3 .jpg --> www.vogtland-cowboy.de /httpdocs/Start image3 .jpg
2022.09.27 13:05 B E:\2022. Maikel Webseite von Maikel\Start\image4.jpg --> www.vogtland-cowboy.de /httpdocs/Start image4.jpg
2022.09.27 13:05 B E:\2022. Maikel Webseite von Maikel\Start\image5.jpg --> www.vogtland-cowboy.de /httpdocs/Start image5.jpg
2022.09.27 13:05 B E:\2022. Maikel Webseite von Maikel\Start\image6.jpg --> www.vogtland-cowboy.de /httpdocs/Start image6.jpg
2022.09.27 13:05 B E:\2022. Maikel Webseite von Maikel\Start\image7.jpg --> www.vogtland-cowboy.de /httpdocs/Start image7.jpg
2022.09.27 13:05 B E:\2022. Maikel Webseite von Maikel\Start\index.html --> www.vogtland-cowboy.de /httpdocs/Start index.html
2022.09.27 13:05 B E:\2022. Maikel Webseite von Maikel\Start\kerstin.jpg --> www.vogtland-cowboy.de /httpdocs/Start kerstin.jpg
2022.09.27 13:05 B E:\2022. Maikel Webseite von Maikel\Start\off.gif --> www.vogtland-cowboy.de /httpdocs/Start off.gif
2022.09.27 13:05 B E:\2022. Maikel Webseite von Maikel\Start\on.gif --> www.vogtland-cowboy.de /httpdocs/Start on.gif
2022.09.27 13:05 B E:\2022. Maikel Webseite von Maikel\Start\start.jpg --> www.vogtland-cowboy.de /httpdocs/Start start.jpg
2022.09.27 13:05 B E:\2022. Maikel Webseite von Maikel\Start\start2.jpg --> www.vogtland-cowboy.de /httpdocs/Start start2.jpg
2022.09.27 13:05 B E:\2022. Maikel Webseite von Maikel\Start\Thumbs.db --> www.vogtland-cowboy.de /httpdocs/Start Thumbs.db
2022.09.27 13:08 B E:\2022. Maikel Webseite von Maikel\Start\WS_FTP.LOG --> www.vogtland-cowboy.de /httpdocs/Start WS_FTP.LOG
2022.09.27 13:09 B E:\2022. Maikel Webseite von Maikel\Start\WS_FTP.LOG --> www.vogtland-cowboy.de /httpdocs/Start WS_FTP.LOG
2022.10.01 14:52 B E:\2022. Maikel Webseite von Maikel\Start\image1.jpg --> www.vogtland-cowboy.de /httpdocs/Start image1.jpg
2022.10.01 14:52 B E:\2022. Maikel Webseite von Maikel\Start\image2.jpg --> www.vogtland-cowboy.de /httpdocs/Start image2.jpg
2022.10.01 14:52 B E:\2022. Maikel Webseite von Maikel\Start\image3 .jpg --> www.vogtland-cowboy.de /httpdocs/Start image3 .jpg
2022.10.01 14:52 B E:\2022. Maikel Webseite von Maikel\Start\image4.jpg --> www.vogtland-cowboy.de /httpdocs/Start image4.jpg
2022.10.01 14:52 B E:\2022. Maikel Webseite von Maikel\Start\image5.jpg --> www.vogtland-cowboy.de /httpdocs/Start image5.jpg
2022.10.01 14:52 B E:\2022. Maikel Webseite von Maikel\Start\image6.jpg --> www.vogtland-cowboy.de /httpdocs/Start image6.jpg
2022.10.01 14:52 B E:\2022. Maikel Webseite von Maikel\Start\image7.jpg --> www.vogtland-cowboy.de /httpdocs/Start image7.jpg
2022.10.01 14:52 B E:\2022. Maikel Webseite von Maikel\Start\image8.jpg --> www.vogtland-cowboy.de /httpdocs/Start image8.jpg
2022.10.01 14:52 B E:\2022. Maikel Webseite von Maikel\Start\image9.jpg --> www.vogtland-cowboy.de /httpdocs/Start image9.jpg
2022.10.01 14:52 B E:\2022. Maikel Webseite von Maikel\Start\start.jpg --> www.vogtland-cowboy.de /httpdocs/Start start.jpg
2022.10.01 15:04 B E:\2022. Maikel Webseite von Maikel\Start\image3.jpg --> www.vogtland-cowboy.de /httpdocs/Start image3.jpg
2022.10.01 15:04 B E:\2022. Maikel Webseite von Maikel\Start\image5.jpg --> www.vogtland-cowboy.de /httpdocs/Start image5.jpg
2022.10.01 15:05 B E:\2022. Maikel Webseite von Maikel\Start\start2.jpg --> www.vogtland-cowboy.de /httpdocs/Start start2.jpg
2022.10.01 15:25 B E:\2022. Maikel Webseite von Maikel\Start\image10.jpg --> www.vogtland-cowboy.de /httpdocs/Start image10.jpg
2022.10.01 15:25 B E:\2022. Maikel Webseite von Maikel\Start\image11.jpg --> www.vogtland-cowboy.de /httpdocs/Start image11.jpg
2022.10.01 15:25 B E:\2022. Maikel Webseite von Maikel\Start\image12.jpg --> www.vogtland-cowboy.de /httpdocs/Start image12.jpg
2022.10.01 15:25 B E:\2022. Maikel Webseite von Maikel\Start\image13.jpg --> www.vogtland-cowboy.de /httpdocs/Start image13.jpg
2022.10.01 15:26 B E:\2022. Maikel Webseite von Maikel\Start\start2.jpg --> www.vogtland-cowboy.de /httpdocs/Start start2.jpg
2022.10.24 15:15 B E:\2022. Maikel Webseite von Maikel\Start\image1.jpg --> www.vogtland-cowboy.de /httpdocs image1.jpg
2022.10.24 15:15 B E:\2022. Maikel Webseite von Maikel\Start\image10.jpg --> www.vogtland-cowboy.de /httpdocs image10.jpg
2022.10.24 15:15 B E:\2022. Maikel Webseite von Maikel\Start\image11.jpg --> www.vogtland-cowboy.de /httpdocs image11.jpg
2022.10.24 15:15 B E:\2022. Maikel Webseite von Maikel\Start\image12.jpg --> www.vogtland-cowboy.de /httpdocs image12.jpg
2022.10.24 15:15 B E:\2022. Maikel Webseite von Maikel\Start\image13.jpg --> www.vogtland-cowboy.de /httpdocs image13.jpg
2022.10.24 15:15 B E:\2022. Maikel Webseite von Maikel\Start\image2.jpg --> www.vogtland-cowboy.de /httpdocs image2.jpg
2022.10.24 15:15 B E:\2022. Maikel Webseite von Maikel\Start\image3.jpg --> www.vogtland-cowboy.de /httpdocs image3.jpg
2022.10.24 15:15 B E:\2022. Maikel Webseite von Maikel\Start\image4.jpg --> www.vogtland-cowboy.de /httpdocs image4.jpg
2022.10.24 15:15 B E:\2022. Maikel Webseite von Maikel\Start\image5.jpg --> www.vogtland-cowboy.de /httpdocs image5.jpg
2022.10.24 15:15 B E:\2022. Maikel Webseite von Maikel\Start\image6.jpg --> www.vogtland-cowboy.de /httpdocs image6.jpg
2022.10.24 15:15 B E:\2022. Maikel Webseite von Maikel\Start\image7.jpg --> www.vogtland-cowboy.de /httpdocs image7.jpg
2022.10.24 15:15 B E:\2022. Maikel Webseite von Maikel\Start\image8.jpg --> www.vogtland-cowboy.de /httpdocs image8.jpg
2022.10.24 15:15 B E:\2022. Maikel Webseite von Maikel\Start\image9.jpg --> www.vogtland-cowboy.de /httpdocs image9.jpg
2022.10.24 15:15 B E:\2022. Maikel Webseite von Maikel\Start\index.html --> www.vogtland-cowboy.de /httpdocs index.html
2022.10.24 15:15 B E:\2022. Maikel Webseite von Maikel\Start\kerstin.jpg --> www.vogtland-cowboy.de /httpdocs kerstin.jpg
2022.10.24 15:15 B E:\2022. Maikel Webseite von Maikel\Start\off.gif --> www.vogtland-cowboy.de /httpdocs off.gif
2022.10.24 15:15 B E:\2022. Maikel Webseite von Maikel\Start\on.gif --> www.vogtland-cowboy.de /httpdocs on.gif
2022.10.24 15:15 B E:\2022. Maikel Webseite von Maikel\Start\start.jpg --> www.vogtland-cowboy.de /httpdocs start.jpg
2022.10.24 15:15 B E:\2022. Maikel Webseite von Maikel\Start\Thumbs.db --> www.vogtland-cowboy.de /httpdocs Thumbs.db
2022.10.24 15:15 B E:\2022. Maikel Webseite von Maikel\Start\WS_FTP.LOG --> www.vogtland-cowboy.de /httpdocs WS_FTP.LOG
2022.10.24 15:19 B E:\2022. Maikel Webseite von Maikel\Start\image1.jpg --> www.vogtland-cowboy.de /httpdocs/Start image1.jpg
2022.10.24 15:19 B E:\2022. Maikel Webseite von Maikel\Start\image10.jpg --> www.vogtland-cowboy.de /httpdocs/Start image10.jpg
2022.10.24 15:19 B E:\2022. Maikel Webseite von Maikel\Start\image11.jpg --> www.vogtland-cowboy.de /httpdocs/Start image11.jpg
2022.10.24 15:19 B E:\2022. Maikel Webseite von Maikel\Start\image12.jpg --> www.vogtland-cowboy.de /httpdocs/Start image12.jpg
2022.10.24 15:19 B E:\2022. Maikel Webseite von Maikel\Start\image13.jpg --> www.vogtland-cowboy.de /httpdocs/Start image13.jpg
2022.10.24 15:19 B E:\2022. Maikel Webseite von Maikel\Start\image2.jpg --> www.vogtland-cowboy.de /httpdocs/Start image2.jpg
2022.10.24 15:19 B E:\2022. Maikel Webseite von Maikel\Start\image3.jpg --> www.vogtland-cowboy.de /httpdocs/Start image3.jpg
2022.10.24 15:19 B E:\2022. Maikel Webseite von Maikel\Start\image4.jpg --> www.vogtland-cowboy.de /httpdocs/Start image4.jpg
2022.10.24 15:19 B E:\2022. Maikel Webseite von Maikel\Start\image5.jpg --> www.vogtland-cowboy.de /httpdocs/Start image5.jpg
2022.10.24 15:19 B E:\2022. Maikel Webseite von Maikel\Start\image6.jpg --> www.vogtland-cowboy.de /httpdocs/Start image6.jpg
2022.10.24 15:19 B E:\2022. Maikel Webseite von Maikel\Start\image7.jpg --> www.vogtland-cowboy.de /httpdocs/Start image7.jpg
2022.10.24 15:19 B E:\2022. Maikel Webseite von Maikel\Start\image8.jpg --> www.vogtland-cowboy.de /httpdocs/Start image8.jpg
2022.10.24 15:19 B E:\2022. Maikel Webseite von Maikel\Start\image9.jpg --> www.vogtland-cowboy.de /httpdocs/Start image9.jpg
2022.10.24 15:19 B E:\2022. Maikel Webseite von Maikel\Start\index.html --> www.vogtland-cowboy.de /httpdocs/Start index.html
2022.10.24 15:19 B E:\2022. Maikel Webseite von Maikel\Start\kerstin.jpg --> www.vogtland-cowboy.de /httpdocs/Start kerstin.jpg
2022.10.24 15:19 B E:\2022. Maikel Webseite von Maikel\Start\off.gif --> www.vogtland-cowboy.de /httpdocs/Start off.gif
2022.10.24 15:19 B E:\2022. Maikel Webseite von Maikel\Start\on.gif --> www.vogtland-cowboy.de /httpdocs/Start on.gif
2022.10.24 15:19 B E:\2022. Maikel Webseite von Maikel\Start\start.jpg --> www.vogtland-cowboy.de /httpdocs/Start start.jpg
2022.10.24 15:19 B E:\2022. Maikel Webseite von Maikel\Start\Thumbs.db --> www.vogtland-cowboy.de /httpdocs/Start Thumbs.db
2023.09.23 11:01 B C:\Users\Win11\Documents\2023 Maikel Webseite von Maikel\Start\WS_FTP.LOG <-- Vogtlandcowboy /httpdocs/Start WS_FTP.LOG
2023.09.23 11:19 B C:\Users\Win11\Documents\2023 Maikel Webseite von Maikel\Start\start.jpg --> www.vogtland-cowboy.de /httpdocs/Start start.jpg
2023.09.23 11:19 B C:\Users\Win11\Documents\2023 Maikel Webseite von Maikel\Start\image13.jpg --> www.vogtland-cowboy.de /httpdocs/Start image13.jpg
2023.09.23 11:46 B C:\Users\Win11\Documents\2023 Maikel Webseite von Maikel\Start\image1.jpg --> www.vogtland-cowboy.de /httpdocs/Start image1.jpg
2023.09.23 11:46 B C:\Users\Win11\Documents\2023 Maikel Webseite von Maikel\Start\image10.jpg --> www.vogtland-cowboy.de /httpdocs/Start image10.jpg
2023.09.23 11:46 B C:\Users\Win11\Documents\2023 Maikel Webseite von Maikel\Start\image11.jpg --> www.vogtland-cowboy.de /httpdocs/Start image11.jpg
2023.09.23 11:46 B C:\Users\Win11\Documents\2023 Maikel Webseite von Maikel\Start\image12.jpg --> www.vogtland-cowboy.de /httpdocs/Start image12.jpg
2023.09.23 11:46 B C:\Users\Win11\Documents\2023 Maikel Webseite von Maikel\Start\image13.jpg --> www.vogtland-cowboy.de /httpdocs/Start image13.jpg
2023.09.23 11:46 B C:\Users\Win11\Documents\2023 Maikel Webseite von Maikel\Start\image2.jpg --> www.vogtland-cowboy.de /httpdocs/Start image2.jpg
2023.09.23 11:46 B C:\Users\Win11\Documents\2023 Maikel Webseite von Maikel\Start\image3.jpg --> www.vogtland-cowboy.de /httpdocs/Start image3.jpg
2023.09.23 11:46 B C:\Users\Win11\Documents\2023 Maikel Webseite von Maikel\Start\image4.jpg --> www.vogtland-cowboy.de /httpdocs/Start image4.jpg
2023.09.23 11:46 B C:\Users\Win11\Documents\2023 Maikel Webseite von Maikel\Start\image5.jpg --> www.vogtland-cowboy.de /httpdocs/Start image5.jpg
2023.09.23 11:46 B C:\Users\Win11\Documents\2023 Maikel Webseite von Maikel\Start\image6.jpg --> www.vogtland-cowboy.de /httpdocs/Start image6.jpg
2023.09.23 11:46 B C:\Users\Win11\Documents\2023 Maikel Webseite von Maikel\Start\image7.jpg --> www.vogtland-cowboy.de /httpdocs/Start image7.jpg
2023.09.23 11:46 B C:\Users\Win11\Documents\2023 Maikel Webseite von Maikel\Start\image8.jpg --> www.vogtland-cowboy.de /httpdocs/Start image8.jpg
2023.09.23 11:46 B C:\Users\Win11\Documents\2023 Maikel Webseite von Maikel\Start\image9.jpg --> www.vogtland-cowboy.de /httpdocs/Start image9.jpg
2023.09.23 11:46 B C:\Users\Win11\Documents\2023 Maikel Webseite von Maikel\Start\index.html --> www.vogtland-cowboy.de /httpdocs/Start index.html
2023.09.23 11:46 B C:\Users\Win11\Documents\2023 Maikel Webseite von Maikel\Start\kerstin.jpg --> www.vogtland-cowboy.de /httpdocs/Start kerstin.jpg
2023.09.23 11:46 B C:\Users\Win11\Documents\2023 Maikel Webseite von Maikel\Start\off.gif --> www.vogtland-cowboy.de /httpdocs/Start off.gif
2023.09.23 11:46 B C:\Users\Win11\Documents\2023 Maikel Webseite von Maikel\Start\on.gif --> www.vogtland-cowboy.de /httpdocs/Start on.gif
2023.09.23 11:46 B C:\Users\Win11\Documents\2023 Maikel Webseite von Maikel\Start\Schaut mal rein Ranch 2.jpg --> www.vogtland-cowboy.de /httpdocs/Start Schaut mal rein Ranch 2.jpg
2023.09.23 11:46 B C:\Users\Win11\Documents\2023 Maikel Webseite von Maikel\Start\start.jpg --> www.vogtland-cowboy.de /httpdocs/Start start.jpg
2023.09.23 11:46 B C:\Users\Win11\Documents\2023 Maikel Webseite von Maikel\Start\Thumbs.db --> www.vogtland-cowboy.de /httpdocs/Start Thumbs.db
2023.09.23 11:46 B C:\Users\Win11\Documents\2023 Maikel Webseite von Maikel\Start\WS_FTP.LOG --> www.vogtland-cowboy.de /httpdocs/Start WS_FTP.LOG
