2012.12.22 09:47 B C:\Dokumente und Einstellungen\Bernd.PC-BERND\Eigene Dateien\2012 Webseite von Maikel\Seiten\A.html <-- Vogtlandcowboy /Seiten A.html
2012.12.22 09:47 B C:\Dokumente und Einstellungen\Bernd.PC-BERND\Eigene Dateien\2012 Webseite von Maikel\Seiten\Auftritte.html <-- Vogtlandcowboy /Seiten Auftritte.html
2012.12.22 09:47 B C:\Dokumente und Einstellungen\Bernd.PC-BERND\Eigene Dateien\2012 Webseite von Maikel\Seiten\B.html <-- Vogtlandcowboy /Seiten B.html
2012.12.22 09:47 B C:\Dokumente und Einstellungen\Bernd.PC-BERND\Eigene Dateien\2012 Webseite von Maikel\Seiten\Berichte.html <-- Vogtlandcowboy /Seiten Berichte.html
2012.12.22 09:47 B C:\Dokumente und Einstellungen\Bernd.PC-BERND\Eigene Dateien\2012 Webseite von Maikel\Seiten\C.html <-- Vogtlandcowboy /Seiten C.html
2012.12.22 09:47 B C:\Dokumente und Einstellungen\Bernd.PC-BERND\Eigene Dateien\2012 Webseite von Maikel\Seiten\Country1.html <-- Vogtlandcowboy /Seiten Country1.html
2012.12.22 09:47 B C:\Dokumente und Einstellungen\Bernd.PC-BERND\Eigene Dateien\2012 Webseite von Maikel\Seiten\D.html <-- Vogtlandcowboy /Seiten D.html
2012.12.22 09:47 B C:\Dokumente und Einstellungen\Bernd.PC-BERND\Eigene Dateien\2012 Webseite von Maikel\Seiten\EF.html <-- Vogtlandcowboy /Seiten EF.html
2012.12.22 09:47 B C:\Dokumente und Einstellungen\Bernd.PC-BERND\Eigene Dateien\2012 Webseite von Maikel\Seiten\Foto.html <-- Vogtlandcowboy /Seiten Foto.html
2012.12.22 09:47 B C:\Dokumente und Einstellungen\Bernd.PC-BERND\Eigene Dateien\2012 Webseite von Maikel\Seiten\GH.html <-- Vogtlandcowboy /Seiten GH.html
2012.12.22 09:47 B C:\Dokumente und Einstellungen\Bernd.PC-BERND\Eigene Dateien\2012 Webseite von Maikel\Seiten\Hauptframe.html <-- Vogtlandcowboy /Seiten Hauptframe.html
2012.12.22 09:47 B C:\Dokumente und Einstellungen\Bernd.PC-BERND\Eigene Dateien\2012 Webseite von Maikel\Seiten\Hauptlinedancer.html <-- Vogtlandcowboy /Seiten Hauptlinedancer.html
2012.12.22 09:47 B C:\Dokumente und Einstellungen\Bernd.PC-BERND\Eigene Dateien\2012 Webseite von Maikel\Seiten\IJ.html <-- Vogtlandcowboy /Seiten IJ.html
2012.12.22 09:47 B C:\Dokumente und Einstellungen\Bernd.PC-BERND\Eigene Dateien\2012 Webseite von Maikel\Seiten\impress.htm <-- Vogtlandcowboy /Seiten impress.htm
2012.12.22 09:47 B C:\Dokumente und Einstellungen\Bernd.PC-BERND\Eigene Dateien\2012 Webseite von Maikel\Seiten\info.html <-- Vogtlandcowboy /Seiten info.html
2012.12.22 09:47 B C:\Dokumente und Einstellungen\Bernd.PC-BERND\Eigene Dateien\2012 Webseite von Maikel\Seiten\Kakuro.html <-- Vogtlandcowboy /Seiten Kakuro.html
2012.12.22 09:47 B C:\Dokumente und Einstellungen\Bernd.PC-BERND\Eigene Dateien\2012 Webseite von Maikel\Seiten\KL.html <-- Vogtlandcowboy /Seiten KL.html
2012.12.22 09:47 B C:\Dokumente und Einstellungen\Bernd.PC-BERND\Eigene Dateien\2012 Webseite von Maikel\Seiten\Kopf1.html <-- Vogtlandcowboy /Seiten Kopf1.html
2012.12.22 09:47 B C:\Dokumente und Einstellungen\Bernd.PC-BERND\Eigene Dateien\2012 Webseite von Maikel\Seiten\Kopf2.html <-- Vogtlandcowboy /Seiten Kopf2.html
2012.12.22 09:47 B C:\Dokumente und Einstellungen\Bernd.PC-BERND\Eigene Dateien\2012 Webseite von Maikel\Seiten\Kopf3.html <-- Vogtlandcowboy /Seiten Kopf3.html
2012.12.22 09:47 B C:\Dokumente und Einstellungen\Bernd.PC-BERND\Eigene Dateien\2012 Webseite von Maikel\Seiten\lined.htm <-- Vogtlandcowboy /Seiten lined.htm
2012.12.22 09:47 B C:\Dokumente und Einstellungen\Bernd.PC-BERND\Eigene Dateien\2012 Webseite von Maikel\Seiten\linedfoto.html <-- Vogtlandcowboy /Seiten linedfoto.html
2012.12.22 09:47 B C:\Dokumente und Einstellungen\Bernd.PC-BERND\Eigene Dateien\2012 Webseite von Maikel\Seiten\link.html <-- Vogtlandcowboy /Seiten link.html
2012.12.22 09:47 B C:\Dokumente und Einstellungen\Bernd.PC-BERND\Eigene Dateien\2012 Webseite von Maikel\Seiten\link2.html <-- Vogtlandcowboy /Seiten link2.html
2012.12.22 09:47 B C:\Dokumente und Einstellungen\Bernd.PC-BERND\Eigene Dateien\2012 Webseite von Maikel\Seiten\M-O.html <-- Vogtlandcowboy /Seiten M-O.html
2012.12.22 09:47 B C:\Dokumente und Einstellungen\Bernd.PC-BERND\Eigene Dateien\2012 Webseite von Maikel\Seiten\Mahjong.html <-- Vogtlandcowboy /Seiten Mahjong.html
2012.12.22 09:47 B C:\Dokumente und Einstellungen\Bernd.PC-BERND\Eigene Dateien\2012 Webseite von Maikel\Seiten\mitglieder.html <-- Vogtlandcowboy /Seiten mitglieder.html
2012.12.22 09:47 B C:\Dokumente und Einstellungen\Bernd.PC-BERND\Eigene Dateien\2012 Webseite von Maikel\Seiten\MonatTermine.html <-- Vogtlandcowboy /Seiten MonatTermine.html
2012.12.22 09:47 B C:\Dokumente und Einstellungen\Bernd.PC-BERND\Eigene Dateien\2012 Webseite von Maikel\Seiten\P-R.html <-- Vogtlandcowboy /Seiten P-R.html
2012.12.22 09:47 B C:\Dokumente und Einstellungen\Bernd.PC-BERND\Eigene Dateien\2012 Webseite von Maikel\Seiten\Ranch Linedancer.html <-- Vogtlandcowboy /Seiten Ranch Linedancer.html
2012.12.22 09:47 B C:\Dokumente und Einstellungen\Bernd.PC-BERND\Eigene Dateien\2012 Webseite von Maikel\Seiten\ranchgross.html <-- Vogtlandcowboy /Seiten ranchgross.html
2012.12.22 09:47 B C:\Dokumente und Einstellungen\Bernd.PC-BERND\Eigene Dateien\2012 Webseite von Maikel\Seiten\S.html <-- Vogtlandcowboy /Seiten S.html
2012.12.22 09:47 B C:\Dokumente und Einstellungen\Bernd.PC-BERND\Eigene Dateien\2012 Webseite von Maikel\Seiten\Spass.html <-- Vogtlandcowboy /Seiten Spass.html
2012.12.22 09:47 B C:\Dokumente und Einstellungen\Bernd.PC-BERND\Eigene Dateien\2012 Webseite von Maikel\Seiten\Spiele.html <-- Vogtlandcowboy /Seiten Spiele.html
2012.12.22 09:47 B C:\Dokumente und Einstellungen\Bernd.PC-BERND\Eigene Dateien\2012 Webseite von Maikel\Seiten\Startseite.html <-- Vogtlandcowboy /Seiten Startseite.html
2012.12.22 09:47 B C:\Dokumente und Einstellungen\Bernd.PC-BERND\Eigene Dateien\2012 Webseite von Maikel\Seiten\Sudoku.html <-- Vogtlandcowboy /Seiten Sudoku.html
2012.12.22 09:47 B C:\Dokumente und Einstellungen\Bernd.PC-BERND\Eigene Dateien\2012 Webseite von Maikel\Seiten\T.html <-- Vogtlandcowboy /Seiten T.html
2012.12.22 09:47 B C:\Dokumente und Einstellungen\Bernd.PC-BERND\Eigene Dateien\2012 Webseite von Maikel\Seiten\Taenze.html <-- Vogtlandcowboy /Seiten Taenze.html
2012.12.22 09:47 B C:\Dokumente und Einstellungen\Bernd.PC-BERND\Eigene Dateien\2012 Webseite von Maikel\Seiten\Tanze.html <-- Vogtlandcowboy /Seiten Tanze.html
2012.12.22 09:47 B C:\Dokumente und Einstellungen\Bernd.PC-BERND\Eigene Dateien\2012 Webseite von Maikel\Seiten\Tanzholz.html <-- Vogtlandcowboy /Seiten Tanzholz.html
2012.12.22 09:47 B C:\Dokumente und Einstellungen\Bernd.PC-BERND\Eigene Dateien\2012 Webseite von Maikel\Seiten\Tetris.html <-- Vogtlandcowboy /Seiten Tetris.html
2012.12.22 09:47 B C:\Dokumente und Einstellungen\Bernd.PC-BERND\Eigene Dateien\2012 Webseite von Maikel\Seiten\Video.html <-- Vogtlandcowboy /Seiten Video.html
2012.12.22 09:47 B C:\Dokumente und Einstellungen\Bernd.PC-BERND\Eigene Dateien\2012 Webseite von Maikel\Seiten\Video0.html <-- Vogtlandcowboy /Seiten Video0.html
2012.12.22 09:47 B C:\Dokumente und Einstellungen\Bernd.PC-BERND\Eigene Dateien\2012 Webseite von Maikel\Seiten\Video1.html <-- Vogtlandcowboy /Seiten Video1.html
2012.12.22 09:47 B C:\Dokumente und Einstellungen\Bernd.PC-BERND\Eigene Dateien\2012 Webseite von Maikel\Seiten\Video2.html <-- Vogtlandcowboy /Seiten Video2.html
2012.12.22 09:47 B C:\Dokumente und Einstellungen\Bernd.PC-BERND\Eigene Dateien\2012 Webseite von Maikel\Seiten\Video3.html <-- Vogtlandcowboy /Seiten Video3.html
2012.12.22 09:47 B C:\Dokumente und Einstellungen\Bernd.PC-BERND\Eigene Dateien\2012 Webseite von Maikel\Seiten\Video4.html <-- Vogtlandcowboy /Seiten Video4.html
2012.12.22 09:47 B C:\Dokumente und Einstellungen\Bernd.PC-BERND\Eigene Dateien\2012 Webseite von Maikel\Seiten\Video5.html <-- Vogtlandcowboy /Seiten Video5.html
2012.12.22 09:47 B C:\Dokumente und Einstellungen\Bernd.PC-BERND\Eigene Dateien\2012 Webseite von Maikel\Seiten\Video6.html <-- Vogtlandcowboy /Seiten Video6.html
2012.12.22 09:47 B C:\Dokumente und Einstellungen\Bernd.PC-BERND\Eigene Dateien\2012 Webseite von Maikel\Seiten\Video7.html <-- Vogtlandcowboy /Seiten Video7.html
2012.12.22 09:47 B C:\Dokumente und Einstellungen\Bernd.PC-BERND\Eigene Dateien\2012 Webseite von Maikel\Seiten\W-Z.html <-- Vogtlandcowboy /Seiten W-Z.html
2012.12.22 09:47 B C:\Dokumente und Einstellungen\Bernd.PC-BERND\Eigene Dateien\2012 Webseite von Maikel\Seiten\zu links.html <-- Vogtlandcowboy /Seiten zu links.html
2012.12.22 13:48 B C:\Dokumente und Einstellungen\Bernd.PC-BERND\Eigene Dateien\2012 Webseite von Maikel\Seiten\Ranch Linedancer.html --> www.vogtland-cowboy.de / Ranch Linedancer.html
2012.12.22 14:26 B C:\Dokumente und Einstellungen\Bernd.PC-BERND\Eigene Dateien\2012 Webseite von Maikel\Seiten\Ranch Linedancer.html --> www.vogtland-cowboy.de /Seiten Ranch Linedancer.html
2012.12.22 15:41 B C:\Dokumente und Einstellungen\Bernd.PC-BERND\Eigene Dateien\2012 Webseite von Maikel\Seiten\Ranch Linedancer.html --> www.vogtland-cowboy.de /Seiten Ranch Linedancer.html
2013.03.28 10:59 B C:\Dokumente und Einstellungen\Bernd.PC-BERND\Eigene Dateien\2012 Webseite von Maikel\Seiten\Taenze.html --> www.vogtland-cowboy.de /Seiten Taenze.html
2013.03.28 11:49 B C:\Dokumente und Einstellungen\Bernd.PC-BERND\Eigene Dateien\2012 Webseite von Maikel\Seiten\Lost In The Shuffle.jpg --> www.vogtland-cowboy.de /Seiten Lost In The Shuffle.jpg
2013.03.28 12:12 B C:\Dokumente und Einstellungen\Bernd.PC-BERND\Eigene Dateien\2012 Webseite von Maikel\Seiten\Taenze.html --> www.vogtland-cowboy.de /Seiten Taenze.html
2013.03.30 13:49 B C:\Dokumente und Einstellungen\Bernd.PC-BERND\Eigene Dateien\2012 Webseite von Maikel\Seiten\Taenze.html --> www.vogtland-cowboy.de /Seiten Taenze.html
2013.04.01 12:06 B C:\Dokumente und Einstellungen\Bernd.PC-BERND\Eigene Dateien\2012 Webseite von Maikel\Seiten\Taenze.html --> www.vogtland-cowboy.de /Seiten Taenze.html
2013.04.02 13:45 B C:\Dokumente und Einstellungen\Bernd.PC-BERND\Eigene Dateien\2012 Webseite von Maikel\Seiten\Taenze.html --> www.vogtland-cowboy.de /Seiten Taenze.html
2013.04.02 15:14 B C:\Dokumente und Einstellungen\Bernd.PC-BERND\Eigene Dateien\2012 Webseite von Maikel\Seiten\Taenze.html --> www.vogtland-cowboy.de /Seiten Taenze.html
2013.04.03 12:13 B C:\Dokumente und Einstellungen\Bernd.PC-BERND\Eigene Dateien\2012 Webseite von Maikel\Seiten\Taenze.html --> www.vogtland-cowboy.de /Seiten Taenze.html
2013.04.03 12:37 B C:\Dokumente und Einstellungen\Bernd.PC-BERND\Eigene Dateien\2012 Webseite von Maikel\Seiten\Taenze.html --> www.vogtland-cowboy.de /Seiten Taenze.html
2013.04.04 12:32 B C:\Dokumente und Einstellungen\Bernd.PC-BERND\Eigene Dateien\2012 Webseite von Maikel\Seiten\Taenze.html --> www.vogtland-cowboy.de /Seiten Taenze.html
2013.04.04 19:16 B C:\Dokumente und Einstellungen\Bernd.PC-BERND\Eigene Dateien\2012 Webseite von Maikel\Seiten\Taenze.html --> www.vogtland-cowboy.de / Taenze.html
2013.04.04 19:43 B C:\Dokumente und Einstellungen\Bernd.PC-BERND\Eigene Dateien\2012 Webseite von Maikel\Seiten\Taenze.html --> www.vogtland-cowboy.de /Seiten Taenze.html
2013.04.17 18:16 B C:\Dokumente und Einstellungen\Bernd.PC-BERND\Eigene Dateien\2012 Webseite von Maikel\Seiten\Taenze.html --> www.vogtland-cowboy.de / Taenze.html
2013.04.17 18:16 B C:\Dokumente und Einstellungen\Bernd.PC-BERND\Eigene Dateien\2012 Webseite von Maikel\Seiten\Taenze.html --> www.vogtland-cowboy.de /Seiten Taenze.html
2013.04.29 20:58 B C:\Dokumente und Einstellungen\Bernd.PC-BERND\Eigene Dateien\2012 Webseite von Maikel\Seiten\Taenze.html --> www.vogtland-cowboy.de /Seiten Taenze.html
2013.05.01 12:17 B C:\Dokumente und Einstellungen\Bernd.PC-BERND\Eigene Dateien\2012 Webseite von Maikel\Seiten\Taenze.html --> www.vogtland-cowboy.de /Seiten Taenze.html
2013.05.01 15:00 B C:\Dokumente und Einstellungen\Bernd.PC-BERND\Eigene Dateien\2012 Webseite von Maikel\Seiten\Taenze.html --> www.vogtland-cowboy.de /Seiten Taenze.html
2013.06.24 17:17 B C:\Dokumente und Einstellungen\Bernd.PC-BERND\Eigene Dateien\2012 Webseite von Maikel\Seiten\impress.htm --> www.vogtland-cowboy.de /Seiten impress.htm
2013.06.24 17:21 B C:\Dokumente und Einstellungen\Bernd.PC-BERND\Eigene Dateien\2012 Webseite von Maikel\Seiten\impress.htm --> www.vogtland-cowboy.de /Seiten impress.htm
2013.07.14 12:53 B C:\Dokumente und Einstellungen\Bernd.PC-BERND\Eigene Dateien\2012 Webseite von Maikel\Seiten\Ranch Linedancer.html --> www.vogtland-cowboy.de /Seiten Ranch Linedancer.html
2013.07.20 12:42 B C:\Dokumente und Einstellungen\Bernd.PC-BERND\Eigene Dateien\2012 Webseite von Maikel\Seiten\Taenze.html --> www.vogtland-cowboy.de /Seiten Taenze.html
2013.10.09 21:06 B C:\Dokumente und Einstellungen\Bernd.PC-BERND\Eigene Dateien\2013 Webseite von Maikel\Seiten\Ranch Linedancer.html --> www.vogtland-cowboy.de / Ranch Linedancer.html
2013.10.09 21:10 B C:\Dokumente und Einstellungen\Bernd.PC-BERND\Eigene Dateien\2013 Webseite von Maikel\Seiten\Ranch Linedancer.html --> www.vogtland-cowboy.de / Ranch Linedancer.html
2013.10.09 21:11 B C:\Dokumente und Einstellungen\Bernd.PC-BERND\Eigene Dateien\2013 Webseite von Maikel\Seiten\Ranch Linedancer.html --> www.vogtland-cowboy.de / Ranch Linedancer.html
2013.10.09 21:19 B C:\Dokumente und Einstellungen\Bernd.PC-BERND\Eigene Dateien\2013 Webseite von Maikel\Seiten\Ranch Linedancer.html --> www.vogtland-cowboy.de / Ranch Linedancer.html
2013.10.09 21:22 B C:\Dokumente und Einstellungen\Bernd.PC-BERND\Eigene Dateien\2013 Webseite von Maikel\Seiten\Ranch Linedancer.html <-- Vogtlandcowboy /Seiten Ranch Linedancer.html
2013.10.09 21:26 B C:\Dokumente und Einstellungen\Bernd.PC-BERND\Eigene Dateien\2013 Webseite von Maikel\Seiten\Ranch Linedancer.html --> www.vogtland-cowboy.de / Ranch Linedancer.html
2013.10.15 17:09 B C:\Dokumente und Einstellungen\Bernd.PC-BERND\Eigene Dateien\2013 Webseite von Maikel\Seiten\Hauptlinedancer.html --> www.vogtland-cowboy.de / Hauptlinedancer.html
2013.10.15 17:12 B C:\Dokumente und Einstellungen\Bernd.PC-BERND\Eigene Dateien\2013 Webseite von Maikel\Seiten\Hauptlinedancer.html --> www.vogtland-cowboy.de / Hauptlinedancer.html
2013.10.15 17:12 B C:\Dokumente und Einstellungen\Bernd.PC-BERND\Eigene Dateien\2013 Webseite von Maikel\Seiten\Ranch Linedancer.html --> www.vogtland-cowboy.de / Ranch Linedancer.html
2013.10.15 17:13 B C:\Dokumente und Einstellungen\Bernd.PC-BERND\Eigene Dateien\2013 Webseite von Maikel\Seiten\Ranch Linedancer.html --> www.vogtland-cowboy.de /Seiten Ranch Linedancer.html
2013.10.15 17:14 B C:\Dokumente und Einstellungen\Bernd.PC-BERND\Eigene Dateien\2013 Webseite von Maikel\Seiten\Hauptlinedancer.html --> www.vogtland-cowboy.de /Seiten Hauptlinedancer.html
2013.10.15 17:24 B C:\Dokumente und Einstellungen\Bernd.PC-BERND\Eigene Dateien\2013 Webseite von Maikel\Seiten\Ranch Linedancer.html --> www.vogtland-cowboy.de /Seiten Ranch Linedancer.html
2014.01.18 11:23 B C:\Dokumente und Einstellungen\Bernd.PC-BERND\Eigene Dateien\2014 Webseite von Maikel\Seiten\info.html --> www.vogtland-cowboy.de / info.html
2014.01.18 11:40 B C:\Dokumente und Einstellungen\Bernd.PC-BERND\Eigene Dateien\2014 Webseite von Maikel\Seiten\Startseite.html --> www.vogtland-cowboy.de / Startseite.html
2014.01.18 11:49 B C:\Dokumente und Einstellungen\Bernd.PC-BERND\Eigene Dateien\2014 Webseite von Maikel\Seiten\zu links.html --> www.vogtland-cowboy.de / zu links.html
2014.01.18 12:03 B C:\Dokumente und Einstellungen\Bernd.PC-BERND\Eigene Dateien\2014 Webseite von Maikel\Seiten\Hauptframe.html --> www.vogtland-cowboy.de / Hauptframe.html
2014.01.18 12:04 B C:\Dokumente und Einstellungen\Bernd.PC-BERND\Eigene Dateien\2014 Webseite von Maikel\Seiten\info.html --> www.vogtland-cowboy.de / info.html
2014.01.18 12:04 B C:\Dokumente und Einstellungen\Bernd.PC-BERND\Eigene Dateien\2014 Webseite von Maikel\Seiten\Startseite.html --> www.vogtland-cowboy.de / Startseite.html
2014.01.18 15:46 B C:\Dokumente und Einstellungen\Bernd.PC-BERND\Eigene Dateien\2014 Maikel Webseite von Maikel\Seiten\Buchung.html --> www.vogtland-cowboy.de / Buchung.html
2014.01.18 15:46 B C:\Dokumente und Einstellungen\Bernd.PC-BERND\Eigene Dateien\2014 Maikel Webseite von Maikel\Seiten\link.html --> www.vogtland-cowboy.de / link.html
2014.01.18 15:52 B C:\Dokumente und Einstellungen\Bernd.PC-BERND\Eigene Dateien\2014 Maikel Webseite von Maikel\Seiten\Hauptframe.html --> www.vogtland-cowboy.de /Seiten Hauptframe.html
2014.01.18 15:52 B C:\Dokumente und Einstellungen\Bernd.PC-BERND\Eigene Dateien\2014 Maikel Webseite von Maikel\Seiten\Startseite.html --> www.vogtland-cowboy.de /Seiten Startseite.html
2014.01.18 15:56 B C:\Dokumente und Einstellungen\Bernd.PC-BERND\Eigene Dateien\2014 Maikel Webseite von Maikel\Seiten\link.html --> www.vogtland-cowboy.de / link.html
2014.01.18 15:59 B C:\Dokumente und Einstellungen\Bernd.PC-BERND\Eigene Dateien\2014 Maikel Webseite von Maikel\Seiten\Buchung.html --> www.vogtland-cowboy.de / Buchung.html
2014.01.18 15:59 B C:\Dokumente und Einstellungen\Bernd.PC-BERND\Eigene Dateien\2014 Maikel Webseite von Maikel\Seiten\Hauptframe.html --> www.vogtland-cowboy.de / Hauptframe.html
2014.01.18 15:59 B C:\Dokumente und Einstellungen\Bernd.PC-BERND\Eigene Dateien\2014 Maikel Webseite von Maikel\Seiten\link.html --> www.vogtland-cowboy.de / link.html
2014.01.18 15:59 B C:\Dokumente und Einstellungen\Bernd.PC-BERND\Eigene Dateien\2014 Maikel Webseite von Maikel\Seiten\link2.html --> www.vogtland-cowboy.de / link2.html
2014.01.18 15:59 B C:\Dokumente und Einstellungen\Bernd.PC-BERND\Eigene Dateien\2014 Maikel Webseite von Maikel\Seiten\Kopf1.html --> www.vogtland-cowboy.de / Kopf1.html
2014.01.18 15:59 B C:\Dokumente und Einstellungen\Bernd.PC-BERND\Eigene Dateien\2014 Maikel Webseite von Maikel\Seiten\Kopf2.html --> www.vogtland-cowboy.de / Kopf2.html
2014.01.18 15:59 B C:\Dokumente und Einstellungen\Bernd.PC-BERND\Eigene Dateien\2014 Maikel Webseite von Maikel\Seiten\Kopf3.html --> www.vogtland-cowboy.de / Kopf3.html
2014.01.18 16:00 B C:\Dokumente und Einstellungen\Bernd.PC-BERND\Eigene Dateien\2014 Maikel Webseite von Maikel\Seiten\link.html --> www.vogtland-cowboy.de / link.html
2014.01.18 16:00 B C:\Dokumente und Einstellungen\Bernd.PC-BERND\Eigene Dateien\2014 Maikel Webseite von Maikel\Seiten\Startseite.html --> www.vogtland-cowboy.de / Startseite.html
2014.01.18 16:00 B C:\Dokumente und Einstellungen\Bernd.PC-BERND\Eigene Dateien\2014 Maikel Webseite von Maikel\Seiten\Startseite.html --> www.vogtland-cowboy.de /Seiten Startseite.html
2014.01.18 16:00 B C:\Dokumente und Einstellungen\Bernd.PC-BERND\Eigene Dateien\2014 Maikel Webseite von Maikel\Seiten\link.html --> www.vogtland-cowboy.de /Seiten link.html
2014.01.18 16:01 B C:\Dokumente und Einstellungen\Bernd.PC-BERND\Eigene Dateien\2014 Maikel Webseite von Maikel\Seiten\Hauptlinedancer.html --> www.vogtland-cowboy.de /Seiten Hauptlinedancer.html
2014.01.18 16:01 B C:\Dokumente und Einstellungen\Bernd.PC-BERND\Eigene Dateien\2014 Maikel Webseite von Maikel\Seiten\Hauptframe.html --> www.vogtland-cowboy.de /Seiten Hauptframe.html
2014.01.18 16:01 B C:\Dokumente und Einstellungen\Bernd.PC-BERND\Eigene Dateien\2014 Maikel Webseite von Maikel\Seiten\Buchung.html --> www.vogtland-cowboy.de /Seiten Buchung.html
2014.01.18 16:07 B C:\Dokumente und Einstellungen\Bernd.PC-BERND\Eigene Dateien\2014 Maikel Webseite von Maikel\Seiten\info.html --> www.vogtland-cowboy.de /Seiten info.html
2014.01.18 16:07 B C:\Dokumente und Einstellungen\Bernd.PC-BERND\Eigene Dateien\2014 Maikel Webseite von Maikel\Seiten\Buchung.html --> www.vogtland-cowboy.de /Seiten Buchung.html
2014.01.18 16:15 B C:\Dokumente und Einstellungen\Bernd.PC-BERND\Eigene Dateien\2014 Maikel Webseite von Maikel\Seiten\Buchung.html --> www.vogtland-cowboy.de / Buchung.html
2014.01.18 16:15 B C:\Dokumente und Einstellungen\Bernd.PC-BERND\Eigene Dateien\2014 Maikel Webseite von Maikel\Seiten\Ranch Linedancer.html --> www.vogtland-cowboy.de / Ranch Linedancer.html
2014.01.18 16:15 B C:\Dokumente und Einstellungen\Bernd.PC-BERND\Eigene Dateien\2014 Maikel Webseite von Maikel\Seiten\Ranch Linedancer.html --> www.vogtland-cowboy.de /Seiten Ranch Linedancer.html
2014.01.18 16:15 B C:\Dokumente und Einstellungen\Bernd.PC-BERND\Eigene Dateien\2014 Maikel Webseite von Maikel\Seiten\Buchung.html --> www.vogtland-cowboy.de /Seiten Buchung.html
2014.01.18 16:16 B C:\Dokumente und Einstellungen\Bernd.PC-BERND\Eigene Dateien\2014 Maikel Webseite von Maikel\Seiten\zu links.html --> www.vogtland-cowboy.de /Seiten zu links.html
2014.02.04 17:37 B C:\Dokumente und Einstellungen\Bernd.PC-BERND\Eigene Dateien\2014 Maikel Webseite von Maikel\Seiten\Taenze.html --> www.vogtland-cowboy.de /Seiten Taenze.html
2014.02.06 19:46 B C:\Dokumente und Einstellungen\Bernd.PC-BERND\Eigene Dateien\2014 Maikel Webseite von Maikel\Seiten\Taenze.html --> www.vogtland-cowboy.de /Seiten Taenze.html
2014.03.12 14:14 B C:\Dokumente und Einstellungen\Bernd.PC-BERND\Eigene Dateien\2014 Maikel Webseite von Maikel\Seiten\Taenze.html --> www.vogtland-cowboy.de /Seiten Taenze.html
2014.03.14 14:05 B C:\Dokumente und Einstellungen\Bernd.PC-BERND\Eigene Dateien\2014 Maikel Webseite von Maikel\Seiten\Taenze.html --> www.vogtland-cowboy.de /Seiten Taenze.html
2014.04.05 10:10 B C:\Dokumente und Einstellungen\Bernd.PC-BERND\Eigene Dateien\2014 Maikel Webseite von Maikel\Seiten\Buchung.html --> www.vogtland-cowboy.de / Buchung.html
2014.04.05 10:10 B C:\Dokumente und Einstellungen\Bernd.PC-BERND\Eigene Dateien\2014 Maikel Webseite von Maikel\Seiten\Buchung.html --> www.vogtland-cowboy.de /Seiten Buchung.html
2014.05.02 15:57 B C:\Dokumente und Einstellungen\Bernd.PC-BERND\Eigene Dateien\2014 Maikel Webseite von Maikel\Seiten\Taenze.html --> www.vogtland-cowboy.de /Seiten Taenze.html
2014.05.02 16:01 B C:\Dokumente und Einstellungen\Bernd.PC-BERND\Eigene Dateien\2014 Maikel Webseite von Maikel\Seiten\Taenze.html --> www.vogtland-cowboy.de /Seiten Taenze.html
2014.05.03 09:57 B C:\Dokumente und Einstellungen\Bernd.PC-BERND\Eigene Dateien\2014 Maikel Webseite von Maikel\Seiten\Taenze.html --> www.vogtland-cowboy.de /Seiten Taenze.html
2014.05.03 10:00 B C:\Dokumente und Einstellungen\Bernd.PC-BERND\Eigene Dateien\2014 Maikel Webseite von Maikel\Seiten\Taenze.html --> www.vogtland-cowboy.de /Seiten Taenze.html
2015.01.25 14:06 B C:\Dokumente und Einstellungen\Bernd.PC-BERND\Eigene Dateien\2014 Maikel Webseite von Maikel\Seiten\Ranch Linedancer.html --> www.vogtland-cowboy.de /Seiten Ranch Linedancer.html
2015.01.25 14:18 B C:\Dokumente und Einstellungen\Bernd.PC-BERND\Eigene Dateien\2014 Maikel Webseite von Maikel\Seiten\Ranch Linedancer.html --> www.vogtland-cowboy.de /Seiten Ranch Linedancer.html
2016.03.12 11:21 B C:\Dokumente und Einstellungen\Bernd.PC-BERND\Eigene Dateien\2014 Maikel Webseite von Maikel\Seiten\Ranch Linedancer.html --> www.vogtland-cowboy.de / Ranch Linedancer.html
2016.03.12 11:35 B C:\Dokumente und Einstellungen\Bernd.PC-BERND\Eigene Dateien\2014 Maikel Webseite von Maikel\Seiten\Ranch Linedancer.html --> www.vogtland-cowboy.de / Ranch Linedancer.html
2016.10.17 19:36 B C:\Dokumente und Einstellungen\Bernd.PC-BERND\Eigene Dateien\2014 Maikel Webseite von Maikel\Seiten\Ranch Linedancer.html --> www.vogtland-cowboy.de /Seiten Ranch Linedancer.html
2016.10.17 19:39 B C:\Dokumente und Einstellungen\Bernd.PC-BERND\Eigene Dateien\2014 Maikel Webseite von Maikel\Seiten\Ranch Linedancer.html --> www.vogtland-cowboy.de /Seiten Ranch Linedancer.html
2016.10.19 16:17 B C:\Dokumente und Einstellungen\Bernd.PC-BERND\Eigene Dateien\2014 Maikel Webseite von Maikel\Seiten\info.html --> www.vogtland-cowboy.de /Seiten info.html
2016.10.21 16:16 B C:\Dokumente und Einstellungen\Bernd.PC-BERND\Eigene Dateien\2014 Maikel Webseite von Maikel\Seiten\Hauptframe.html --> www.vogtland-cowboy.de /Seiten Hauptframe.html
2016.10.21 16:16 B C:\Dokumente und Einstellungen\Bernd.PC-BERND\Eigene Dateien\2014 Maikel Webseite von Maikel\Seiten\info.html --> www.vogtland-cowboy.de /Seiten info.html
2016.10.21 16:17 B C:\Dokumente und Einstellungen\Bernd.PC-BERND\Eigene Dateien\2014 Maikel Webseite von Maikel\Seiten\Ranch Linedancer.html --> www.vogtland-cowboy.de /Seiten Ranch Linedancer.html
2016.10.21 16:21 B C:\Dokumente und Einstellungen\Bernd.PC-BERND\Eigene Dateien\2014 Maikel Webseite von Maikel\Seiten\Hauptlinedancer.html --> www.vogtland-cowboy.de /Seiten Hauptlinedancer.html
2016.10.21 16:56 B C:\Dokumente und Einstellungen\Bernd.PC-BERND\Eigene Dateien\2014 Maikel Webseite von Maikel\Seiten\GH.html --> www.vogtland-cowboy.de /Seiten GH.html
2016.10.23 09:13 B C:\Dokumente und Einstellungen\Bernd.PC-BERND\Eigene Dateien\2014 Maikel Webseite von Maikel\Seiten\A.html --> www.vogtland-cowboy.de /Seiten A.html
2016.10.23 09:13 B C:\Dokumente und Einstellungen\Bernd.PC-BERND\Eigene Dateien\2014 Maikel Webseite von Maikel\Seiten\B.html --> www.vogtland-cowboy.de /Seiten B.html
2016.10.23 09:13 B C:\Dokumente und Einstellungen\Bernd.PC-BERND\Eigene Dateien\2014 Maikel Webseite von Maikel\Seiten\C.html --> www.vogtland-cowboy.de /Seiten C.html
2016.10.23 09:13 B C:\Dokumente und Einstellungen\Bernd.PC-BERND\Eigene Dateien\2014 Maikel Webseite von Maikel\Seiten\D.html --> www.vogtland-cowboy.de /Seiten D.html
2016.10.23 09:13 B C:\Dokumente und Einstellungen\Bernd.PC-BERND\Eigene Dateien\2014 Maikel Webseite von Maikel\Seiten\EF.html --> www.vogtland-cowboy.de /Seiten EF.html
2016.10.23 09:13 B C:\Dokumente und Einstellungen\Bernd.PC-BERND\Eigene Dateien\2014 Maikel Webseite von Maikel\Seiten\GH.html --> www.vogtland-cowboy.de /Seiten GH.html
2016.10.23 09:13 B C:\Dokumente und Einstellungen\Bernd.PC-BERND\Eigene Dateien\2014 Maikel Webseite von Maikel\Seiten\IJ.html --> www.vogtland-cowboy.de /Seiten IJ.html
2016.10.23 09:14 B C:\Dokumente und Einstellungen\Bernd.PC-BERND\Eigene Dateien\2014 Maikel Webseite von Maikel\Seiten\M-O.html --> www.vogtland-cowboy.de /Seiten M-O.html
2016.10.23 09:14 B C:\Dokumente und Einstellungen\Bernd.PC-BERND\Eigene Dateien\2014 Maikel Webseite von Maikel\Seiten\P-R.html --> www.vogtland-cowboy.de /Seiten P-R.html
2016.10.23 09:14 B C:\Dokumente und Einstellungen\Bernd.PC-BERND\Eigene Dateien\2014 Maikel Webseite von Maikel\Seiten\S.html --> www.vogtland-cowboy.de /Seiten S.html
2016.10.23 09:14 B C:\Dokumente und Einstellungen\Bernd.PC-BERND\Eigene Dateien\2014 Maikel Webseite von Maikel\Seiten\T.html --> www.vogtland-cowboy.de /Seiten T.html
2016.10.23 09:14 B C:\Dokumente und Einstellungen\Bernd.PC-BERND\Eigene Dateien\2014 Maikel Webseite von Maikel\Seiten\W-Z.html --> www.vogtland-cowboy.de /Seiten W-Z.html
2016.10.23 09:14 B C:\Dokumente und Einstellungen\Bernd.PC-BERND\Eigene Dateien\2014 Maikel Webseite von Maikel\Seiten\Tanze.html --> www.vogtland-cowboy.de /Seiten Tanze.html
2016.10.23 09:37 B C:\Dokumente und Einstellungen\Bernd.PC-BERND\Eigene Dateien\2014 Maikel Webseite von Maikel\Seiten\D.html --> www.vogtland-cowboy.de /Seiten D.html
2016.10.23 09:37 B C:\Dokumente und Einstellungen\Bernd.PC-BERND\Eigene Dateien\2014 Maikel Webseite von Maikel\Seiten\KL.html --> www.vogtland-cowboy.de /Seiten KL.html
2016.10.23 09:37 B C:\Dokumente und Einstellungen\Bernd.PC-BERND\Eigene Dateien\2014 Maikel Webseite von Maikel\Seiten\S.html --> www.vogtland-cowboy.de /Seiten S.html
2016.10.23 09:37 B C:\Dokumente und Einstellungen\Bernd.PC-BERND\Eigene Dateien\2014 Maikel Webseite von Maikel\Seiten\Tanze.html --> www.vogtland-cowboy.de /Seiten Tanze.html
2016.10.24 19:47 B C:\Dokumente und Einstellungen\Bernd.PC-BERND\Eigene Dateien\2014 Maikel Webseite von Maikel\Seiten\A.html --> www.vogtland-cowboy.de /Seiten A.html
2016.10.24 19:47 B C:\Dokumente und Einstellungen\Bernd.PC-BERND\Eigene Dateien\2014 Maikel Webseite von Maikel\Seiten\B.html --> www.vogtland-cowboy.de /Seiten B.html
2016.10.24 19:47 B C:\Dokumente und Einstellungen\Bernd.PC-BERND\Eigene Dateien\2014 Maikel Webseite von Maikel\Seiten\C.html --> www.vogtland-cowboy.de /Seiten C.html
2016.10.24 19:47 B C:\Dokumente und Einstellungen\Bernd.PC-BERND\Eigene Dateien\2014 Maikel Webseite von Maikel\Seiten\D.html --> www.vogtland-cowboy.de /Seiten D.html
2016.10.25 18:19 B C:\Dokumente und Einstellungen\Bernd.PC-BERND\Eigene Dateien\2014 Maikel Webseite von Maikel\Seiten\GH.html --> www.vogtland-cowboy.de /Seiten GH.html
2016.10.25 18:20 B C:\Dokumente und Einstellungen\Bernd.PC-BERND\Eigene Dateien\2014 Maikel Webseite von Maikel\Seiten\IJ.html --> www.vogtland-cowboy.de /Seiten IJ.html
2016.10.25 18:20 B C:\Dokumente und Einstellungen\Bernd.PC-BERND\Eigene Dateien\2014 Maikel Webseite von Maikel\Seiten\KL.html --> www.vogtland-cowboy.de /Seiten KL.html
2016.10.25 18:20 B C:\Dokumente und Einstellungen\Bernd.PC-BERND\Eigene Dateien\2014 Maikel Webseite von Maikel\Seiten\M-O.html --> www.vogtland-cowboy.de /Seiten M-O.html
2016.10.25 18:20 B C:\Dokumente und Einstellungen\Bernd.PC-BERND\Eigene Dateien\2014 Maikel Webseite von Maikel\Seiten\P-R.html --> www.vogtland-cowboy.de /Seiten P-R.html
2016.10.25 18:20 B C:\Dokumente und Einstellungen\Bernd.PC-BERND\Eigene Dateien\2014 Maikel Webseite von Maikel\Seiten\S.html --> www.vogtland-cowboy.de /Seiten S.html
2016.10.25 18:20 B C:\Dokumente und Einstellungen\Bernd.PC-BERND\Eigene Dateien\2014 Maikel Webseite von Maikel\Seiten\T.html --> www.vogtland-cowboy.de /Seiten T.html
2016.10.26 16:53 B C:\Dokumente und Einstellungen\Bernd.PC-BERND\Eigene Dateien\2014 Maikel Webseite von Maikel\Seiten\A.html --> www.vogtland-cowboy.de /Seiten A.html
2016.10.26 16:53 B C:\Dokumente und Einstellungen\Bernd.PC-BERND\Eigene Dateien\2014 Maikel Webseite von Maikel\Seiten\B.html --> www.vogtland-cowboy.de /Seiten B.html
2016.10.26 16:53 B C:\Dokumente und Einstellungen\Bernd.PC-BERND\Eigene Dateien\2014 Maikel Webseite von Maikel\Seiten\C.html --> www.vogtland-cowboy.de /Seiten C.html
2016.10.26 16:53 B C:\Dokumente und Einstellungen\Bernd.PC-BERND\Eigene Dateien\2014 Maikel Webseite von Maikel\Seiten\D.html --> www.vogtland-cowboy.de /Seiten D.html
2016.10.26 16:53 B C:\Dokumente und Einstellungen\Bernd.PC-BERND\Eigene Dateien\2014 Maikel Webseite von Maikel\Seiten\EF.html --> www.vogtland-cowboy.de /Seiten EF.html
2016.10.26 16:54 B C:\Dokumente und Einstellungen\Bernd.PC-BERND\Eigene Dateien\2014 Maikel Webseite von Maikel\Seiten\GH.html --> www.vogtland-cowboy.de /Seiten GH.html
2016.10.26 16:54 B C:\Dokumente und Einstellungen\Bernd.PC-BERND\Eigene Dateien\2014 Maikel Webseite von Maikel\Seiten\IJ.html --> www.vogtland-cowboy.de /Seiten IJ.html
2016.10.26 16:54 B C:\Dokumente und Einstellungen\Bernd.PC-BERND\Eigene Dateien\2014 Maikel Webseite von Maikel\Seiten\KL.html --> www.vogtland-cowboy.de /Seiten KL.html
2016.10.26 16:54 B C:\Dokumente und Einstellungen\Bernd.PC-BERND\Eigene Dateien\2014 Maikel Webseite von Maikel\Seiten\M-O.html --> www.vogtland-cowboy.de /Seiten M-O.html
2016.10.26 16:54 B C:\Dokumente und Einstellungen\Bernd.PC-BERND\Eigene Dateien\2014 Maikel Webseite von Maikel\Seiten\P-R.html --> www.vogtland-cowboy.de /Seiten P-R.html
2016.10.26 16:54 B C:\Dokumente und Einstellungen\Bernd.PC-BERND\Eigene Dateien\2014 Maikel Webseite von Maikel\Seiten\S.html --> www.vogtland-cowboy.de /Seiten S.html
2016.10.26 16:54 B C:\Dokumente und Einstellungen\Bernd.PC-BERND\Eigene Dateien\2014 Maikel Webseite von Maikel\Seiten\T.html --> www.vogtland-cowboy.de /Seiten T.html
2016.10.26 16:54 B C:\Dokumente und Einstellungen\Bernd.PC-BERND\Eigene Dateien\2014 Maikel Webseite von Maikel\Seiten\W-Z.html --> www.vogtland-cowboy.de /Seiten W-Z.html
2016.10.26 17:11 B C:\Dokumente und Einstellungen\Bernd.PC-BERND\Eigene Dateien\2014 Maikel Webseite von Maikel\Seiten\Tanze.html --> www.vogtland-cowboy.de /Seiten Tanze.html
2016.10.27 21:18 B C:\Dokumente und Einstellungen\Bernd.PC-BERND\Eigene Dateien\2014 Maikel Webseite von Maikel\Seiten\GH.html --> www.vogtland-cowboy.de /Seiten GH.html
2016.10.28 15:51 B C:\Dokumente und Einstellungen\Bernd.PC-BERND\Eigene Dateien\2014 Maikel Webseite von Maikel\Seiten\GH.html --> www.vogtland-cowboy.de /Seiten GH.html
2016.11.21 20:44 B C:\Dokumente und Einstellungen\Bernd.PC-BERND\Eigene Dateien\2014 Maikel Webseite von Maikel\Seiten\Country1.html --> www.vogtland-cowboy.de /Seiten Country1.html
2016.11.21 20:53 B C:\Dokumente und Einstellungen\Bernd.PC-BERND\Eigene Dateien\2014 Maikel Webseite von Maikel\Seiten\impress.htm --> www.vogtland-cowboy.de /Seiten impress.htm
2016.11.24 17:34 B C:\Dokumente und Einstellungen\Bernd.PC-BERND\Eigene Dateien\2014 Maikel Webseite von Maikel\Seiten\M-O.html --> www.vogtland-cowboy.de /Seiten M-O.html
2016.11.26 15:33 B C:\Dokumente und Einstellungen\Bernd.PC-BERND\Eigene Dateien\2014 Maikel Webseite von Maikel\Seiten\Hauptframe.html --> www.vogtland-cowboy.de /Seiten Hauptframe.html
2016.11.26 15:36 B C:\Dokumente und Einstellungen\Bernd.PC-BERND\Eigene Dateien\2014 Maikel Webseite von Maikel\Seiten\Startseite.html --> www.vogtland-cowboy.de /Seiten Startseite.html
2016.11.27 09:23 B C:\Dokumente und Einstellungen\Bernd.PC-BERND\Eigene Dateien\2014 Maikel Webseite von Maikel\Seiten\D.html --> www.vogtland-cowboy.de /Seiten D.html
2016.11.27 14:48 B C:\Dokumente und Einstellungen\Bernd.PC-BERND\Eigene Dateien\2014 Maikel Webseite von Maikel\Seiten\D.html --> www.vogtland-cowboy.de /Seiten D.html
2016.11.27 14:48 B C:\Dokumente und Einstellungen\Bernd.PC-BERND\Eigene Dateien\2014 Maikel Webseite von Maikel\Seiten\M-O.html --> www.vogtland-cowboy.de /Seiten M-O.html
2016.11.27 15:04 B C:\Dokumente und Einstellungen\Bernd.PC-BERND\Eigene Dateien\2014 Maikel Webseite von Maikel\Seiten\Tanze.html <-- Vogtlandcowboy /Seiten Tanze.html
2016.11.27 15:15 B C:\Dokumente und Einstellungen\Bernd.PC-BERND\Eigene Dateien\2014 Maikel Webseite von Maikel\Seiten\Tanze.html --> www.vogtland-cowboy.de /Seiten Tanze.html
2016.11.27 18:18 B C:\Dokumente und Einstellungen\Bernd.PC-BERND\Eigene Dateien\2014 Maikel Webseite von Maikel\Seiten\A.html --> www.vogtland-cowboy.de /Seiten A.html
2016.11.28 19:07 B C:\Dokumente und Einstellungen\Bernd.PC-BERND\Eigene Dateien\2014 Maikel Webseite von Maikel\Seiten\A.html --> www.vogtland-cowboy.de /Seiten A.html
2016.12.01 19:23 B C:\Dokumente und Einstellungen\Bernd.PC-BERND\Eigene Dateien\2014 Maikel Webseite von Maikel\Seiten\A.html --> www.vogtland-cowboy.de /Seiten A.html
2016.12.03 18:34 B C:\Dokumente und Einstellungen\Bernd.PC-BERND\Eigene Dateien\2014 Maikel Webseite von Maikel\Seiten\B.html --> www.vogtland-cowboy.de /Seiten B.html
2016.12.03 19:13 B C:\Dokumente und Einstellungen\Bernd.PC-BERND\Eigene Dateien\2016 Maikel Webseite von Maikel\Seiten\Tanze.html <-- Vogtlandcowboy /Seiten Tanze.html
2016.12.03 19:47 B C:\Dokumente und Einstellungen\Bernd.PC-BERND\Eigene Dateien\2016 Maikel Webseite von Maikel\Seiten\B.html --> www.vogtland-cowboy.de /Seiten B.html
2016.12.05 19:39 B C:\Dokumente und Einstellungen\Bernd.PC-BERND\Eigene Dateien\2016 Maikel Webseite von Maikel\Seiten\C.html --> www.vogtland-cowboy.de /Seiten C.html
2016.12.06 18:17 B C:\Dokumente und Einstellungen\Bernd.PC-BERND\Eigene Dateien\2016 Maikel Webseite von Maikel\Seiten\C.html --> www.vogtland-cowboy.de /Seiten C.html
2016.12.07 19:38 B C:\Dokumente und Einstellungen\Bernd.PC-BERND\Eigene Dateien\2016 Maikel Webseite von Maikel\Seiten\A.html --> www.vogtland-cowboy.de /Seiten A.html
2016.12.07 19:38 B C:\Dokumente und Einstellungen\Bernd.PC-BERND\Eigene Dateien\2016 Maikel Webseite von Maikel\Seiten\D.html --> www.vogtland-cowboy.de /Seiten D.html
2016.12.08 19:42 B C:\Dokumente und Einstellungen\Bernd.PC-BERND\Eigene Dateien\2016 Maikel Webseite von Maikel\Seiten\EF.html --> www.vogtland-cowboy.de /Seiten EF.html
2016.12.09 19:28 B C:\Dokumente und Einstellungen\Bernd.PC-BERND\Eigene Dateien\2016 Maikel Webseite von Maikel\Seiten\B.html --> www.vogtland-cowboy.de /Seiten B.html
2016.12.09 19:28 B C:\Dokumente und Einstellungen\Bernd.PC-BERND\Eigene Dateien\2016 Maikel Webseite von Maikel\Seiten\C.html --> www.vogtland-cowboy.de /Seiten C.html
2016.12.09 19:28 B C:\Dokumente und Einstellungen\Bernd.PC-BERND\Eigene Dateien\2016 Maikel Webseite von Maikel\Seiten\D.html --> www.vogtland-cowboy.de /Seiten D.html
2016.12.09 19:29 B C:\Dokumente und Einstellungen\Bernd.PC-BERND\Eigene Dateien\2016 Maikel Webseite von Maikel\Seiten\EF.html --> www.vogtland-cowboy.de /Seiten EF.html
2016.12.10 17:28 B C:\Dokumente und Einstellungen\Bernd.PC-BERND\Eigene Dateien\2016 Maikel Webseite von Maikel\Seiten\EF.html --> www.vogtland-cowboy.de /Seiten EF.html
2016.12.10 17:28 B C:\Dokumente und Einstellungen\Bernd.PC-BERND\Eigene Dateien\2016 Maikel Webseite von Maikel\Seiten\GH.html --> www.vogtland-cowboy.de /Seiten GH.html
2016.12.12 18:26 B C:\Dokumente und Einstellungen\Bernd.PC-BERND\Eigene Dateien\2016 Maikel Webseite von Maikel\Seiten\IJ.html --> www.vogtland-cowboy.de /Seiten IJ.html
2016.12.13 18:56 B C:\Dokumente und Einstellungen\Bernd.PC-BERND\Eigene Dateien\2016 Maikel Webseite von Maikel\Seiten\A.html --> www.vogtland-cowboy.de /Seiten A.html
2016.12.13 18:56 B C:\Dokumente und Einstellungen\Bernd.PC-BERND\Eigene Dateien\2016 Maikel Webseite von Maikel\Seiten\KL.html --> www.vogtland-cowboy.de /Seiten KL.html
2016.12.14 19:40 B C:\Dokumente und Einstellungen\Bernd.PC-BERND\Eigene Dateien\2016 Maikel Webseite von Maikel\Seiten\M-O.html --> www.vogtland-cowboy.de /Seiten M-O.html
2016.12.19 16:17 B C:\Dokumente und Einstellungen\Bernd.PC-BERND\Eigene Dateien\2016 Maikel Webseite von Maikel\Seiten\C.html --> www.vogtland-cowboy.de /Seiten C.html
2016.12.19 17:33 B C:\Dokumente und Einstellungen\Bernd.PC-BERND\Eigene Dateien\2016 Maikel Webseite von Maikel\Seiten\P-R.html --> www.vogtland-cowboy.de /Seiten P-R.html
2016.12.19 18:38 B C:\Dokumente und Einstellungen\Bernd.PC-BERND\Eigene Dateien\2016 Maikel Webseite von Maikel\Seiten\S.html --> www.vogtland-cowboy.de /Seiten S.html
2016.12.20 17:38 B C:\Dokumente und Einstellungen\Bernd.PC-BERND\Eigene Dateien\2016 Maikel Webseite von Maikel\Seiten\S.html --> www.vogtland-cowboy.de /Seiten S.html
2016.12.20 17:39 B C:\Dokumente und Einstellungen\Bernd.PC-BERND\Eigene Dateien\2016 Maikel Webseite von Maikel\Seiten\S.html --> www.vogtland-cowboy.de /Seiten S.html
2016.12.20 17:52 B C:\Dokumente und Einstellungen\Bernd.PC-BERND\Eigene Dateien\2016 Maikel Webseite von Maikel\Seiten\S.html --> www.vogtland-cowboy.de /Seiten S.html
2016.12.21 18:39 B C:\Dokumente und Einstellungen\Bernd.PC-BERND\Eigene Dateien\2016 Maikel Webseite von Maikel\Seiten\B.html --> www.vogtland-cowboy.de /Seiten B.html
2016.12.24 10:11 B C:\Dokumente und Einstellungen\Bernd.PC-BERND\Eigene Dateien\2016 Maikel Webseite von Maikel\Seiten\T.html --> www.vogtland-cowboy.de /Seiten T.html
2016.12.26 12:15 B C:\Dokumente und Einstellungen\Bernd.PC-BERND\Eigene Dateien\2016 Maikel Webseite von Maikel\Seiten\D.html --> www.vogtland-cowboy.de /Seiten D.html
2016.12.26 12:23 B C:\Dokumente und Einstellungen\Bernd.PC-BERND\Eigene Dateien\2016 Maikel Webseite von Maikel\Seiten\D.html --> www.vogtland-cowboy.de /Seiten D.html
2016.12.26 14:31 B C:\Dokumente und Einstellungen\Bernd.PC-BERND\Eigene Dateien\2016 Maikel Webseite von Maikel\Seiten\W-Z.html --> www.vogtland-cowboy.de /Seiten W-Z.html
2016.12.27 14:58 B C:\Dokumente und Einstellungen\Bernd.PC-BERND\Eigene Dateien\2016 Maikel Webseite von Maikel\Seiten\A.html --> www.vogtland-cowboy.de /Seiten A.html
2016.12.27 14:59 B C:\Dokumente und Einstellungen\Bernd.PC-BERND\Eigene Dateien\2016 Maikel Webseite von Maikel\Seiten\B.html --> www.vogtland-cowboy.de /Seiten B.html
2016.12.28 17:00 B C:\Dokumente und Einstellungen\Bernd.PC-BERND\Eigene Dateien\2016 Maikel Webseite von Maikel\Seiten\C.html --> www.vogtland-cowboy.de /Seiten C.html
2017.01.03 16:27 B C:\Dokumente und Einstellungen\Bernd.PC-BERND\Eigene Dateien\2016 Maikel Webseite von Maikel\Seiten\B.html --> www.vogtland-cowboy.de /Seiten B.html
2017.01.19 18:07 B C:\Dokumente und Einstellungen\Bernd.PC-BERND\Eigene Dateien\2016 Maikel Webseite von Maikel\Seiten\Country1.html --> www.vogtland-cowboy.de /Seiten Country1.html
2017.01.21 14:18 B C:\Dokumente und Einstellungen\Bernd.PC-BERND\Eigene Dateien\2016 Maikel Webseite von Maikel\Seiten\link.html --> www.vogtland-cowboy.de /Seiten link.html
2017.01.21 14:19 B C:\Dokumente und Einstellungen\Bernd.PC-BERND\Eigene Dateien\2016 Maikel Webseite von Maikel\Seiten\Startseite.html --> www.vogtland-cowboy.de /Seiten Startseite.html
2017.01.22 11:19 B C:\Dokumente und Einstellungen\Bernd.PC-BERND\Eigene Dateien\2016 Maikel Webseite von Maikel\Seiten\Ranch Linedancer.html --> www.vogtland-cowboy.de /Seiten Ranch Linedancer.html
2017.01.22 11:25 B C:\Dokumente und Einstellungen\Bernd.PC-BERND\Eigene Dateien\2016 Maikel Webseite von Maikel\Seiten\link.html --> www.vogtland-cowboy.de /Seiten link.html
2017.01.22 12:44 B C:\Dokumente und Einstellungen\Bernd.PC-BERND\Eigene Dateien\2016 Maikel Webseite von Maikel\Seiten\zu links.html --> www.vogtland-cowboy.de /Seiten zu links.html
2017.03.02 18:00 B C:\Dokumente und Einstellungen\Bernd.PC-BERND\Eigene Dateien\2016 Maikel Webseite von Maikel\Seiten\B.html --> www.vogtland-cowboy.de /Seiten B.html
2017.09.21 11:10 B C:\Dokumente und Einstellungen\Bernd.PC-BERND\Eigene Dateien\2017 Maikel Webseite von Maikel\Seiten\Taenze.html --> www.vogtland-cowboy.de /Seiten Taenze.html
2018.02.25 15:52 B C:\Dokumente und Einstellungen\Bernd.PC-BERND\Eigene Dateien\2018 Maikel Webseite von Maikel\Seiten\A.html --> www.vogtland-cowboy.de /Seiten A.html
2018.02.25 16:26 B C:\Dokumente und Einstellungen\Bernd.PC-BERND\Eigene Dateien\2018 Maikel Webseite von Maikel\Seiten\A.html --> www.vogtland-cowboy.de /Seiten A.html
2018.02.25 16:26 B C:\Dokumente und Einstellungen\Bernd.PC-BERND\Eigene Dateien\2018 Maikel Webseite von Maikel\Seiten\B.html --> www.vogtland-cowboy.de /Seiten B.html
2018.02.25 16:27 B C:\Dokumente und Einstellungen\Bernd.PC-BERND\Eigene Dateien\2018 Maikel Webseite von Maikel\Seiten\M-O.html --> www.vogtland-cowboy.de /Seiten M-O.html
2018.02.25 18:00 B C:\Dokumente und Einstellungen\Bernd.PC-BERND\Eigene Dateien\2018 Maikel Webseite von Maikel\Seiten\Country1.html --> www.vogtland-cowboy.de /Seiten Country1.html
2018.02.25 18:00 B C:\Dokumente und Einstellungen\Bernd.PC-BERND\Eigene Dateien\2018 Maikel Webseite von Maikel\Seiten\Ranch Linedancer.html --> www.vogtland-cowboy.de /Seiten Ranch Linedancer.html
2018.02.25 18:01 B C:\Dokumente und Einstellungen\Bernd.PC-BERND\Eigene Dateien\2018 Maikel Webseite von Maikel\Seiten\A.html --> www.vogtland-cowboy.de /Seiten A.html
2018.02.25 18:01 B C:\Dokumente und Einstellungen\Bernd.PC-BERND\Eigene Dateien\2018 Maikel Webseite von Maikel\Seiten\C.html --> www.vogtland-cowboy.de /Seiten C.html
2018.02.25 18:01 B C:\Dokumente und Einstellungen\Bernd.PC-BERND\Eigene Dateien\2018 Maikel Webseite von Maikel\Seiten\M-O.html --> www.vogtland-cowboy.de /Seiten M-O.html
2018.02.25 18:01 B C:\Dokumente und Einstellungen\Bernd.PC-BERND\Eigene Dateien\2018 Maikel Webseite von Maikel\Seiten\EF.html --> www.vogtland-cowboy.de /Seiten EF.html
2018.02.25 18:01 B C:\Dokumente und Einstellungen\Bernd.PC-BERND\Eigene Dateien\2018 Maikel Webseite von Maikel\Seiten\GH.html --> www.vogtland-cowboy.de /Seiten GH.html
2018.02.25 18:02 B C:\Dokumente und Einstellungen\Bernd.PC-BERND\Eigene Dateien\2018 Maikel Webseite von Maikel\Seiten\T.html --> www.vogtland-cowboy.de /Seiten T.html
2018.02.26 17:14 B C:\Dokumente und Einstellungen\Bernd.PC-BERND\Eigene Dateien\2018 Maikel Webseite von Maikel\Seiten\S.html --> www.vogtland-cowboy.de /Seiten S.html
2018.02.26 17:59 B C:\Dokumente und Einstellungen\Bernd.PC-BERND\Eigene Dateien\2018 Maikel Webseite von Maikel\Seiten\link.html --> www.vogtland-cowboy.de /Seiten link.html
2018.02.26 17:59 B C:\Dokumente und Einstellungen\Bernd.PC-BERND\Eigene Dateien\2018 Maikel Webseite von Maikel\Seiten\GH.html --> www.vogtland-cowboy.de /Seiten GH.html
2018.02.28 19:19 B C:\Dokumente und Einstellungen\Bernd.PC-BERND\Eigene Dateien\2018 Maikel Webseite von Maikel\Seiten\link.html --> www.vogtland-cowboy.de /Seiten link.html
2018.03.01 17:42 B C:\Dokumente und Einstellungen\Bernd.PC-BERND\Eigene Dateien\2018 Maikel Webseite von Maikel\Seiten\Fotosneu.html --> www.vogtland-cowboy.de /Seiten Fotosneu.html
2018.03.01 17:42 B C:\Dokumente und Einstellungen\Bernd.PC-BERND\Eigene Dateien\2018 Maikel Webseite von Maikel\Seiten\link.html --> www.vogtland-cowboy.de /Seiten link.html
2018.03.01 18:06 B C:\Dokumente und Einstellungen\Bernd.PC-BERND\Eigene Dateien\2018 Maikel Webseite von Maikel\Seiten\Hauptlinedancer.html --> www.vogtland-cowboy.de /Seiten Hauptlinedancer.html
2018.03.01 18:06 B C:\Dokumente und Einstellungen\Bernd.PC-BERND\Eigene Dateien\2018 Maikel Webseite von Maikel\Seiten\Hauptframe.html --> www.vogtland-cowboy.de /Seiten Hauptframe.html
2018.03.01 18:06 B C:\Dokumente und Einstellungen\Bernd.PC-BERND\Eigene Dateien\2018 Maikel Webseite von Maikel\Seiten\Ranch Linedancer.html --> www.vogtland-cowboy.de /Seiten Ranch Linedancer.html
2018.03.01 18:07 B C:\Dokumente und Einstellungen\Bernd.PC-BERND\Eigene Dateien\2018 Maikel Webseite von Maikel\Seiten\Fotosneu.html --> www.vogtland-cowboy.de /Seiten Fotosneu.html
2018.03.03 15:27 B C:\Dokumente und Einstellungen\Bernd.PC-BERND\Eigene Dateien\2018 Maikel Webseite von Maikel\Seiten\Fotosneu.html --> www.vogtland-cowboy.de /Seiten Fotosneu.html
2018.03.04 10:28 B C:\Dokumente und Einstellungen\Bernd.PC-BERND\Eigene Dateien\2018 Maikel Webseite von Maikel\Seiten\Fotosneu.html --> www.vogtland-cowboy.de /Seiten Fotosneu.html
2018.03.04 14:55 B C:\Dokumente und Einstellungen\Bernd.PC-BERND\Eigene Dateien\2018 Maikel Webseite von Maikel\Seiten\Fotosneu.html --> www.vogtland-cowboy.de /Seiten Fotosneu.html
2018.03.06 18:01 B C:\Dokumente und Einstellungen\Bernd.PC-BERND\Eigene Dateien\2018 Maikel Webseite von Maikel\Seiten\Ranch Linedancer.html --> www.vogtland-cowboy.de /Seiten Ranch Linedancer.html
2018.03.08 16:37 B C:\Dokumente und Einstellungen\Bernd.PC-BERND\Eigene Dateien\2018 Maikel Webseite von Maikel\Seiten\Video neu.html --> www.vogtland-cowboy.de /Seiten Video neu.html
2018.03.08 16:37 B C:\Dokumente und Einstellungen\Bernd.PC-BERND\Eigene Dateien\2018 Maikel Webseite von Maikel\Seiten\link.html --> www.vogtland-cowboy.de /Seiten link.html
2018.03.08 17:19 B C:\Dokumente und Einstellungen\Bernd.PC-BERND\Eigene Dateien\2018 Maikel Webseite von Maikel\Seiten\Video neu.html --> www.vogtland-cowboy.de /Seiten Video neu.html
2018.03.14 11:51 B C:\Dokumente und Einstellungen\Bernd.PC-BERND\Eigene Dateien\2018 Maikel Webseite von Maikel\Seiten\Video neu.html --> www.vogtland-cowboy.de /Seiten Video neu.html
2018.03.14 16:33 B C:\Dokumente und Einstellungen\Bernd.PC-BERND\Eigene Dateien\2018 Maikel Webseite von Maikel\Seiten\link.html --> www.vogtland-cowboy.de /Seiten link.html
2018.03.14 16:40 B C:\Dokumente und Einstellungen\Bernd.PC-BERND\Eigene Dateien\2018 Maikel Webseite von Maikel\Seiten\link.html --> www.vogtland-cowboy.de /Seiten link.html
2018.03.17 11:12 B C:\Dokumente und Einstellungen\Bernd.PC-BERND\Eigene Dateien\2018 Maikel Webseite von Maikel\Seiten\Video neu.html --> www.vogtland-cowboy.de /Seiten Video neu.html
2018.03.17 17:31 B C:\Dokumente und Einstellungen\Bernd.PC-BERND\Eigene Dateien\2018 Maikel Webseite von Maikel\Seiten\Video neu.html --> www.vogtland-cowboy.de /Seiten Video neu.html
2018.03.17 19:08 B C:\Dokumente und Einstellungen\Bernd.PC-BERND\Eigene Dateien\2018 Maikel Webseite von Maikel\Seiten\Video neu.html --> www.vogtland-cowboy.de /Seiten Video neu.html
2018.03.17 19:26 B C:\Dokumente und Einstellungen\Bernd.PC-BERND\Eigene Dateien\2018 Maikel Webseite von Maikel\Seiten\Video neu.html --> www.vogtland-cowboy.de /Seiten Video neu.html
2018.03.18 13:24 B C:\Dokumente und Einstellungen\Bernd.PC-BERND\Eigene Dateien\2018 Maikel Webseite von Maikel\Seiten\Video neu.html --> www.vogtland-cowboy.de /Seiten Video neu.html
2018.03.26 19:33 B C:\Dokumente und Einstellungen\Bernd.PC-BERND\Eigene Dateien\2018 Maikel Webseite von Maikel\Seiten\Video neu.html --> www.vogtland-cowboy.de /Seiten Video neu.html
2018.11.10 11:24 B C:\Dokumente und Einstellungen\Bernd.PC-BERND\Eigene Dateien\2018 Maikel Webseite von Maikel\Seiten\EF.html --> www.vogtland-cowboy.de /Seiten EF.html
2018.11.10 11:24 B C:\Dokumente und Einstellungen\Bernd.PC-BERND\Eigene Dateien\2018 Maikel Webseite von Maikel\Seiten\S.html --> www.vogtland-cowboy.de /Seiten S.html
2018.11.10 11:24 B C:\Dokumente und Einstellungen\Bernd.PC-BERND\Eigene Dateien\2018 Maikel Webseite von Maikel\Seiten\T.html --> www.vogtland-cowboy.de /Seiten T.html
2018.11.13 14:04 B C:\Dokumente und Einstellungen\Bernd.PC-BERND\Eigene Dateien\2018 Maikel Webseite von Maikel\Seiten\A.html --> www.vogtland-cowboy.de /Seiten A.html
2018.11.13 14:04 B C:\Dokumente und Einstellungen\Bernd.PC-BERND\Eigene Dateien\2018 Maikel Webseite von Maikel\Seiten\B.html --> www.vogtland-cowboy.de /Seiten B.html
2018.11.13 14:04 B C:\Dokumente und Einstellungen\Bernd.PC-BERND\Eigene Dateien\2018 Maikel Webseite von Maikel\Seiten\C.html --> www.vogtland-cowboy.de /Seiten C.html
2018.11.13 14:04 B C:\Dokumente und Einstellungen\Bernd.PC-BERND\Eigene Dateien\2018 Maikel Webseite von Maikel\Seiten\D.html --> www.vogtland-cowboy.de /Seiten D.html
2018.11.13 14:04 B C:\Dokumente und Einstellungen\Bernd.PC-BERND\Eigene Dateien\2018 Maikel Webseite von Maikel\Seiten\EF.html --> www.vogtland-cowboy.de /Seiten EF.html
2018.11.13 14:04 B C:\Dokumente und Einstellungen\Bernd.PC-BERND\Eigene Dateien\2018 Maikel Webseite von Maikel\Seiten\S.html --> www.vogtland-cowboy.de /Seiten S.html
2018.11.13 14:04 B C:\Dokumente und Einstellungen\Bernd.PC-BERND\Eigene Dateien\2018 Maikel Webseite von Maikel\Seiten\T.html --> www.vogtland-cowboy.de /Seiten T.html
2018.11.20 12:37 B C:\Dokumente und Einstellungen\Bernd.PC-BERND\Eigene Dateien\2018 Maikel Webseite von Maikel\Seiten\GH.html --> www.vogtland-cowboy.de /Seiten GH.html
2018.11.20 12:37 B C:\Dokumente und Einstellungen\Bernd.PC-BERND\Eigene Dateien\2018 Maikel Webseite von Maikel\Seiten\S.html --> www.vogtland-cowboy.de /Seiten S.html
2018.11.20 12:37 B C:\Dokumente und Einstellungen\Bernd.PC-BERND\Eigene Dateien\2018 Maikel Webseite von Maikel\Seiten\Video neu.html --> www.vogtland-cowboy.de /Seiten Video neu.html
2019.01.19 12:18 B C:\Dokumente und Einstellungen\Bernd.PC-BERND\Eigene Dateien\2018 Maikel Webseite von Maikel\Seiten\C.html --> www.vogtland-cowboy.de /Seiten C.html
2019.01.19 12:19 B C:\Dokumente und Einstellungen\Bernd.PC-BERND\Eigene Dateien\2018 Maikel Webseite von Maikel\Seiten\GH.html --> www.vogtland-cowboy.de /Seiten GH.html
2019.01.19 12:47 B C:\Dokumente und Einstellungen\Bernd.PC-BERND\Eigene Dateien\2018 Maikel Webseite von Maikel\Seiten\GH.html --> www.vogtland-cowboy.de /Seiten GH.html
2019.01.19 14:53 B C:\Dokumente und Einstellungen\Bernd.PC-BERND\Eigene Dateien\2018 Maikel Webseite von Maikel\Seiten\Ranch Linedancer.html --> www.vogtland-cowboy.de /Seiten Ranch Linedancer.html
2019.01.19 15:08 B C:\Dokumente und Einstellungen\Bernd.PC-BERND\Eigene Dateien\2018 Maikel Webseite von Maikel\Seiten\GH.html --> www.vogtland-cowboy.de /Seiten GH.html
2019.01.19 15:32 B C:\Dokumente und Einstellungen\Bernd.PC-BERND\Eigene Dateien\2018 Maikel Webseite von Maikel\Seiten\D.html --> www.vogtland-cowboy.de /Seiten D.html
2019.01.19 15:32 B C:\Dokumente und Einstellungen\Bernd.PC-BERND\Eigene Dateien\2018 Maikel Webseite von Maikel\Seiten\GH.html --> www.vogtland-cowboy.de /Seiten GH.html
2019.01.20 12:38 B C:\Dokumente und Einstellungen\Bernd.PC-BERND\Eigene Dateien\2018 Maikel Webseite von Maikel\Seiten\Country1.html --> www.vogtland-cowboy.de /Seiten Country1.html
2019.01.20 12:38 B C:\Dokumente und Einstellungen\Bernd.PC-BERND\Eigene Dateien\2018 Maikel Webseite von Maikel\Seiten\info.html --> www.vogtland-cowboy.de /Seiten info.html
2019.01.20 12:53 B C:\Dokumente und Einstellungen\Bernd.PC-BERND\Eigene Dateien\2018 Maikel Webseite von Maikel\Seiten\Hauptframe.html --> www.vogtland-cowboy.de /Seiten Hauptframe.html
2019.01.20 12:53 B C:\Dokumente und Einstellungen\Bernd.PC-BERND\Eigene Dateien\2018 Maikel Webseite von Maikel\Seiten\Video neu.html --> www.vogtland-cowboy.de /Seiten Video neu.html
2019.01.24 16:32 B C:\Dokumente und Einstellungen\Bernd.PC-BERND\Eigene Dateien\2019 Maikel Webseite von Maikel\Seiten\info.html --> www.vogtland-cowboy.de /Seiten info.html
2019.01.24 16:32 B C:\Dokumente und Einstellungen\Bernd.PC-BERND\Eigene Dateien\2019 Maikel Webseite von Maikel\Seiten\Ranch Linedancer.html --> www.vogtland-cowboy.de /Seiten Ranch Linedancer.html
2019.01.24 16:36 B C:\Dokumente und Einstellungen\Bernd.PC-BERND\Eigene Dateien\2019 Maikel Webseite von Maikel\Seiten\Fotosneu.html --> www.vogtland-cowboy.de / Fotosneu.html
2019.01.24 17:12 B C:\Dokumente und Einstellungen\Bernd.PC-BERND\Eigene Dateien\2019 Maikel Webseite von Maikel\Seiten\Hauptframe.html --> www.vogtland-cowboy.de / Hauptframe.html
2019.01.24 17:12 B C:\Dokumente und Einstellungen\Bernd.PC-BERND\Eigene Dateien\2019 Maikel Webseite von Maikel\Seiten\Hauptlinedancer.html --> www.vogtland-cowboy.de / Hauptlinedancer.html
2019.01.24 17:12 B C:\Dokumente und Einstellungen\Bernd.PC-BERND\Eigene Dateien\2019 Maikel Webseite von Maikel\Seiten\info.html --> www.vogtland-cowboy.de / info.html
2019.01.24 17:12 B C:\Dokumente und Einstellungen\Bernd.PC-BERND\Eigene Dateien\2019 Maikel Webseite von Maikel\Seiten\link.html --> www.vogtland-cowboy.de / link.html
2019.01.24 17:14 B C:\Dokumente und Einstellungen\Bernd.PC-BERND\Eigene Dateien\2019 Maikel Webseite von Maikel\Seiten\Hauptframe.html --> www.vogtland-cowboy.de /Seiten Hauptframe.html
2019.01.24 17:14 B C:\Dokumente und Einstellungen\Bernd.PC-BERND\Eigene Dateien\2019 Maikel Webseite von Maikel\Seiten\Hauptlinedancer.html --> www.vogtland-cowboy.de /Seiten Hauptlinedancer.html
2019.01.24 17:14 B C:\Dokumente und Einstellungen\Bernd.PC-BERND\Eigene Dateien\2019 Maikel Webseite von Maikel\Seiten\info.html --> www.vogtland-cowboy.de /Seiten info.html
2019.01.24 17:14 B C:\Dokumente und Einstellungen\Bernd.PC-BERND\Eigene Dateien\2019 Maikel Webseite von Maikel\Seiten\link.html --> www.vogtland-cowboy.de /Seiten link.html
2019.01.24 17:14 B C:\Dokumente und Einstellungen\Bernd.PC-BERND\Eigene Dateien\2019 Maikel Webseite von Maikel\Seiten\Ranch Linedancer.html --> www.vogtland-cowboy.de /Seiten Ranch Linedancer.html
2019.01.24 17:24 B C:\Dokumente und Einstellungen\Bernd.PC-BERND\Eigene Dateien\2019 Maikel Webseite von Maikel\Seiten\Country1.html --> www.vogtland-cowboy.de /Seiten Country1.html
2019.01.24 17:35 B C:\Dokumente und Einstellungen\Bernd.PC-BERND\Eigene Dateien\2019 Maikel Webseite von Maikel\Seiten\Fotosneu.html --> www.vogtland-cowboy.de /Seiten Fotosneu.html
2019.01.25 11:21 B C:\Dokumente und Einstellungen\Bernd.PC-BERND\Eigene Dateien\2019 Maikel Webseite von Maikel\Seiten\W-Z.html --> www.vogtland-cowboy.de /Seiten W-Z.html
2019.01.25 11:29 B C:\Dokumente und Einstellungen\Bernd.PC-BERND\Eigene Dateien\2019 Maikel Webseite von Maikel\Seiten\B.html --> www.vogtland-cowboy.de /Seiten B.html
2019.01.25 12:22 B C:\Dokumente und Einstellungen\Bernd.PC-BERND\Eigene Dateien\2019 Maikel Webseite von Maikel\Seiten\C.html --> www.vogtland-cowboy.de /Seiten C.html
2019.01.25 12:36 B C:\Dokumente und Einstellungen\Bernd.PC-BERND\Eigene Dateien\2019 Maikel Webseite von Maikel\Seiten\C.html --> www.vogtland-cowboy.de /Seiten C.html
2019.01.26 13:36 B C:\Dokumente und Einstellungen\Bernd.PC-BERND\Eigene Dateien\2019 Maikel Webseite von Maikel\Seiten\Gaestebuch.html --> www.vogtland-cowboy.de /Seiten Gaestebuch.html
2019.01.26 13:36 B C:\Dokumente und Einstellungen\Bernd.PC-BERND\Eigene Dateien\2019 Maikel Webseite von Maikel\Seiten\info.html --> www.vogtland-cowboy.de /Seiten info.html
2019.01.26 13:36 B C:\Dokumente und Einstellungen\Bernd.PC-BERND\Eigene Dateien\2019 Maikel Webseite von Maikel\Seiten\link.html --> www.vogtland-cowboy.de /Seiten link.html
2019.01.26 14:13 B C:\Dokumente und Einstellungen\Bernd.PC-BERND\Eigene Dateien\2019 Maikel Webseite von Maikel\Seiten\Gaestebuch.html --> www.vogtland-cowboy.de /Seiten Gaestebuch.html
2019.01.26 14:43 B C:\Dokumente und Einstellungen\Bernd.PC-BERND\Eigene Dateien\2019 Maikel Webseite von Maikel\Seiten\Tanze.html --> www.vogtland-cowboy.de /Seiten Tanze.html
2019.01.26 17:45 B C:\Dokumente und Einstellungen\Bernd.PC-BERND\Eigene Dateien\2019 Maikel Webseite von Maikel\Seiten\Ranch Linedancer.html --> www.vogtland-cowboy.de /Seiten Ranch Linedancer.html
2019.01.27 11:31 B C:\Dokumente und Einstellungen\Bernd.PC-BERND\Eigene Dateien\2019 Maikel Webseite von Maikel\Seiten\Gaestebuch.html --> www.vogtland-cowboy.de /Seiten Gaestebuch.html
2019.01.27 11:32 B C:\Dokumente und Einstellungen\Bernd.PC-BERND\Eigene Dateien\2019 Maikel Webseite von Maikel\Seiten\Fotosneu.html --> www.vogtland-cowboy.de /Seiten Fotosneu.html
2019.01.29 11:14 B C:\Dokumente und Einstellungen\Bernd.PC-BERND\Eigene Dateien\2019 Maikel Webseite von Maikel\Seiten\Gaestebuch.html --> www.vogtland-cowboy.de /Seiten Gaestebuch.html
2019.01.29 16:16 B C:\Dokumente und Einstellungen\Bernd.PC-BERND\Eigene Dateien\2019 Maikel Webseite von Maikel\Seiten\zu links.html --> www.vogtland-cowboy.de /Seiten zu links.html
2019.01.29 16:16 B C:\Dokumente und Einstellungen\Bernd.PC-BERND\Eigene Dateien\2019 Maikel Webseite von Maikel\Seiten\Gaestebuch.html --> www.vogtland-cowboy.de /Seiten Gaestebuch.html
2019.01.29 17:14 B C:\Dokumente und Einstellungen\Bernd.PC-BERND\Eigene Dateien\2019 Maikel Webseite von Maikel\Seiten\Ranch Linedancer.html --> www.vogtland-cowboy.de /Seiten Ranch Linedancer.html
2019.01.30 19:26 B C:\Dokumente und Einstellungen\Bernd.PC-BERND\Eigene Dateien\2019 Maikel Webseite von Maikel\Seiten\EF.html --> www.vogtland-cowboy.de /Seiten EF.html
2019.01.30 19:28 B C:\Dokumente und Einstellungen\Bernd.PC-BERND\Eigene Dateien\2019 Maikel Webseite von Maikel\Seiten\EF.html --> www.vogtland-cowboy.de /Seiten EF.html
2019.01.31 17:57 B C:\Dokumente und Einstellungen\Bernd.PC-BERND\Eigene Dateien\2019 Maikel Webseite von Maikel\Seiten\A.html --> www.vogtland-cowboy.de /Seiten A.html
2019.02.01 11:01 B C:\Dokumente und Einstellungen\Bernd.PC-BERND\Eigene Dateien\2019 Maikel Webseite von Maikel\Seiten\Gaestebuch.html --> www.vogtland-cowboy.de /Seiten Gaestebuch.html
2019.02.01 11:42 B C:\Dokumente und Einstellungen\Bernd.PC-BERND\Eigene Dateien\2019 Maikel Webseite von Maikel\Seiten\Gaestebuch.html --> www.vogtland-cowboy.de /Seiten Gaestebuch.html
2019.02.03 17:44 B C:\Dokumente und Einstellungen\Bernd.PC-BERND\Eigene Dateien\2019 Maikel Webseite von Maikel\Seiten\zu links.html --> www.vogtland-cowboy.de /Seiten zu links.html
2019.02.03 18:00 B C:\Dokumente und Einstellungen\Bernd.PC-BERND\Eigene Dateien\2019 Maikel Webseite von Maikel\Seiten\Buchung.html --> www.vogtland-cowboy.de /Seiten Buchung.html
2019.02.05 11:00 B C:\Dokumente und Einstellungen\Bernd.PC-BERND\Eigene Dateien\2019 Maikel Webseite von Maikel\Seiten\W-Z.html --> www.vogtland-cowboy.de /Seiten W-Z.html
2019.02.08 16:30 B C:\Dokumente und Einstellungen\Bernd.PC-BERND\Eigene Dateien\2019 Maikel Webseite von Maikel\Seiten\Fotosneu.html --> www.vogtland-cowboy.de /Seiten Fotosneu.html
2019.02.11 14:12 B C:\Dokumente und Einstellungen\Bernd.PC-BERND\Eigene Dateien\2019 Maikel Webseite von Maikel\Seiten\Fotosneu.html --> www.vogtland-cowboy.de /Seiten Fotosneu.html
2019.02.11 14:36 B C:\Dokumente und Einstellungen\Bernd.PC-BERND\Eigene Dateien\2019 Maikel Webseite von Maikel\Seiten\Fotosneu.html --> www.vogtland-cowboy.de /Seiten Fotosneu.html
2019.02.12 11:20 B C:\Dokumente und Einstellungen\Bernd.PC-BERND\Eigene Dateien\2019 Maikel Webseite von Maikel\Seiten\Fotosneu.html --> www.vogtland-cowboy.de /Seiten Fotosneu.html
2019.02.12 15:36 B C:\Dokumente und Einstellungen\Bernd.PC-BERND\Eigene Dateien\2019 Maikel Webseite von Maikel\Seiten\Fotosneu.html --> www.vogtland-cowboy.de /Seiten Fotosneu.html
2019.03.01 14:37 B C:\Dokumente und Einstellungen\Bernd.PC-BERND\Eigene Dateien\2019 Maikel Webseite von Maikel\Seiten\GH.html --> www.vogtland-cowboy.de /Seiten GH.html
2019.03.04 14:15 B C:\Dokumente und Einstellungen\Bernd.PC-BERND\Eigene Dateien\2019 Maikel Webseite von Maikel\Seiten\S.html --> www.vogtland-cowboy.de /Seiten S.html
2019.03.04 14:20 B C:\Dokumente und Einstellungen\Bernd.PC-BERND\Eigene Dateien\2019 Maikel Webseite von Maikel\Seiten\S.html --> www.vogtland-cowboy.de /Seiten S.html
2019.03.04 14:27 B C:\Dokumente und Einstellungen\Bernd.PC-BERND\Eigene Dateien\2019 Maikel Webseite von Maikel\Seiten\S.html --> www.vogtland-cowboy.de /Seiten S.html
2019.03.27 19:36 B C:\Dokumente und Einstellungen\Bernd.PC-BERND\Eigene Dateien\2019 Maikel Webseite von Maikel\Seiten\M-O.html --> www.vogtland-cowboy.de /Seiten M-O.html
2019.03.28 10:47 B C:\Dokumente und Einstellungen\Bernd.PC-BERND\Eigene Dateien\2019 Maikel Webseite von Maikel\Seiten\B.html --> www.vogtland-cowboy.de /Seiten B.html
2019.03.28 10:48 B C:\Dokumente und Einstellungen\Bernd.PC-BERND\Eigene Dateien\2019 Maikel Webseite von Maikel\Seiten\C.html --> www.vogtland-cowboy.de /Seiten C.html
2019.03.28 10:48 B C:\Dokumente und Einstellungen\Bernd.PC-BERND\Eigene Dateien\2019 Maikel Webseite von Maikel\Seiten\M-O.html --> www.vogtland-cowboy.de /Seiten M-O.html
2019.03.28 10:48 B C:\Dokumente und Einstellungen\Bernd.PC-BERND\Eigene Dateien\2019 Maikel Webseite von Maikel\Seiten\P-R.html --> www.vogtland-cowboy.de /Seiten P-R.html
2019.03.28 11:13 B C:\Dokumente und Einstellungen\Bernd.PC-BERND\Eigene Dateien\2019 Maikel Webseite von Maikel\Seiten\B.html --> www.vogtland-cowboy.de /Seiten B.html
2019.03.28 11:13 B C:\Dokumente und Einstellungen\Bernd.PC-BERND\Eigene Dateien\2019 Maikel Webseite von Maikel\Seiten\C.html --> www.vogtland-cowboy.de /Seiten C.html
2019.03.28 11:13 B C:\Dokumente und Einstellungen\Bernd.PC-BERND\Eigene Dateien\2019 Maikel Webseite von Maikel\Seiten\P-R.html --> www.vogtland-cowboy.de /Seiten P-R.html
2019.03.28 18:16 B C:\Dokumente und Einstellungen\Bernd.PC-BERND\Eigene Dateien\2019 Maikel Webseite von Maikel\Seiten\D.html --> www.vogtland-cowboy.de /Seiten D.html
2019.03.28 18:16 B C:\Dokumente und Einstellungen\Bernd.PC-BERND\Eigene Dateien\2019 Maikel Webseite von Maikel\Seiten\M-O.html --> www.vogtland-cowboy.de /Seiten M-O.html
2019.03.28 18:20 B C:\Dokumente und Einstellungen\Bernd.PC-BERND\Eigene Dateien\2019 Maikel Webseite von Maikel\Seiten\D.html --> www.vogtland-cowboy.de / D.html
2019.03.28 18:21 B C:\Dokumente und Einstellungen\Bernd.PC-BERND\Eigene Dateien\2019 Maikel Webseite von Maikel\Seiten\D.html --> www.vogtland-cowboy.de /Seiten D.html
2019.08.26 16:55 B C:\Dokumente und Einstellungen\Bernd.PC-BERND\Eigene Dateien\2019 Maikel Webseite von Maikel\Seiten\D.html --> www.vogtland-cowboy.de /httpdocs/Seiten D.html
2019.11.15 12:31 B C:\Dokumente und Einstellungen\Bernd.PC-BERND\Eigene Dateien\2019 Maikel Webseite von Maikel\Seiten\B.html --> www.vogtland-cowboy.de /httpdocs/Seiten B.html
2019.11.15 12:31 B C:\Dokumente und Einstellungen\Bernd.PC-BERND\Eigene Dateien\2019 Maikel Webseite von Maikel\Seiten\EF.html --> www.vogtland-cowboy.de /httpdocs/Seiten EF.html
2019.11.15 12:57 B C:\Dokumente und Einstellungen\Bernd.PC-BERND\Eigene Dateien\2019 Maikel Webseite von Maikel\Seiten\B.html --> www.vogtland-cowboy.de /httpdocs/Seiten B.html
2019.11.15 12:57 B C:\Dokumente und Einstellungen\Bernd.PC-BERND\Eigene Dateien\2019 Maikel Webseite von Maikel\Seiten\M-O.html --> www.vogtland-cowboy.de /httpdocs/Seiten M-O.html
2019.11.15 12:57 B C:\Dokumente und Einstellungen\Bernd.PC-BERND\Eigene Dateien\2019 Maikel Webseite von Maikel\Seiten\W-Z.html --> www.vogtland-cowboy.de /httpdocs/Seiten W-Z.html
2019.11.16 10:39 B C:\Dokumente und Einstellungen\Bernd.PC-BERND\Eigene Dateien\2019 Maikel Webseite von Maikel\Seiten\B.html --> www.vogtland-cowboy.de /httpdocs/Seiten B.html
2019.11.16 10:39 B C:\Dokumente und Einstellungen\Bernd.PC-BERND\Eigene Dateien\2019 Maikel Webseite von Maikel\Seiten\M-O.html --> www.vogtland-cowboy.de /httpdocs/Seiten M-O.html
2019.11.20 11:15 B C:\Dokumente und Einstellungen\Bernd.PC-BERND\Eigene Dateien\2019 Maikel Webseite von Maikel\Seiten\C.html --> www.vogtland-cowboy.de /httpdocs C.html
2019.11.20 11:21 B C:\Dokumente und Einstellungen\Bernd.PC-BERND\Eigene Dateien\2019 Maikel Webseite von Maikel\Seiten\C.html --> www.vogtland-cowboy.de /httpdocs/Seiten C.html
2020.01.22 13:53 B C:\Dokumente und Einstellungen\Bernd.PC-BERND\Eigene Dateien\2020 Maikel Webseite von Maikel\Seiten\Ranch Linedancer.html --> www.vogtland-cowboy.de /httpdocs/Seiten Ranch Linedancer.html
2020.01.22 15:00 B C:\Dokumente und Einstellungen\Bernd.PC-BERND\Eigene Dateien\2020 Maikel Webseite von Maikel\Seiten\Fotosneu.html --> www.vogtland-cowboy.de /httpdocs/Seiten Fotosneu.html
2020.01.22 15:03 B C:\Dokumente und Einstellungen\Bernd.PC-BERND\Eigene Dateien\2020 Maikel Webseite von Maikel\Seiten\Fotosneu.html --> www.vogtland-cowboy.de /httpdocs Fotosneu.html
2020.01.22 15:03 B C:\Dokumente und Einstellungen\Bernd.PC-BERND\Eigene Dateien\2020 Maikel Webseite von Maikel\Seiten\Fotosneu.html --> www.vogtland-cowboy.de /httpdocs/Seiten Fotosneu.html
2020.01.22 15:13 B C:\Dokumente und Einstellungen\Bernd.PC-BERND\Eigene Dateien\2020 Maikel Webseite von Maikel\Seiten\Fotosneu.html --> www.vogtland-cowboy.de /httpdocs/Seiten Fotosneu.html
2020.01.23 12:02 B C:\Dokumente und Einstellungen\Bernd.PC-BERND\Eigene Dateien\2020 Maikel Webseite von Maikel\Seiten\Fotosneu.html --> www.vogtland-cowboy.de /httpdocs/Seiten Fotosneu.html
2020.02.03 14:59 B C:\Dokumente und Einstellungen\Bernd.PC-BERND\Eigene Dateien\2020 Maikel Webseite von Maikel\Seiten\B.html --> www.vogtland-cowboy.de /httpdocs/Seiten B.html
2020.02.04 10:03 B C:\Dokumente und Einstellungen\Bernd.PC-BERND\Eigene Dateien\2020 Maikel Webseite von Maikel\Seiten\B.html --> www.vogtland-cowboy.de /httpdocs/Seiten B.html
2020.02.04 10:03 B C:\Dokumente und Einstellungen\Bernd.PC-BERND\Eigene Dateien\2020 Maikel Webseite von Maikel\Seiten\C.html --> www.vogtland-cowboy.de /httpdocs/Seiten C.html
2020.02.04 10:04 B C:\Dokumente und Einstellungen\Bernd.PC-BERND\Eigene Dateien\2020 Maikel Webseite von Maikel\Seiten\T.html --> www.vogtland-cowboy.de /httpdocs/Seiten T.html
2020.02.04 10:25 B C:\Dokumente und Einstellungen\Bernd.PC-BERND\Eigene Dateien\2020 Maikel Webseite von Maikel\Seiten\Country1.html --> www.vogtland-cowboy.de /httpdocs/Seiten Country1.html
2020.02.12 11:24 B C:\Dokumente und Einstellungen\Bernd.PC-BERND\Eigene Dateien\2020 Maikel Webseite von Maikel\Seiten\A.html --> www.vogtland-cowboy.de /httpdocs/Seiten A.html
2020.02.12 11:24 B C:\Dokumente und Einstellungen\Bernd.PC-BERND\Eigene Dateien\2020 Maikel Webseite von Maikel\Seiten\B.html --> www.vogtland-cowboy.de /httpdocs/Seiten B.html
2020.02.12 11:24 B C:\Dokumente und Einstellungen\Bernd.PC-BERND\Eigene Dateien\2020 Maikel Webseite von Maikel\Seiten\C.html --> www.vogtland-cowboy.de /httpdocs/Seiten C.html
2020.02.12 11:24 B C:\Dokumente und Einstellungen\Bernd.PC-BERND\Eigene Dateien\2020 Maikel Webseite von Maikel\Seiten\D.html --> www.vogtland-cowboy.de /httpdocs/Seiten D.html
2020.02.12 11:24 B C:\Dokumente und Einstellungen\Bernd.PC-BERND\Eigene Dateien\2020 Maikel Webseite von Maikel\Seiten\EF.html --> www.vogtland-cowboy.de /httpdocs/Seiten EF.html
2020.02.13 15:11 B C:\Dokumente und Einstellungen\Bernd.PC-BERND\Eigene Dateien\2020 Maikel Webseite von Maikel\Seiten\T.html --> www.vogtland-cowboy.de /httpdocs/Seiten T.html
2020.02.14 14:28 B C:\Dokumente und Einstellungen\Bernd.PC-BERND\Eigene Dateien\2020 Maikel Webseite von Maikel\Seiten\IJ.html --> www.vogtland-cowboy.de /httpdocs/Seiten IJ.html
2020.02.15 11:14 B C:\Dokumente und Einstellungen\Bernd.PC-BERND\Eigene Dateien\2020 Maikel Webseite von Maikel\Seiten\P-R.html --> www.vogtland-cowboy.de /httpdocs/Seiten P-R.html
2020.02.15 11:32 B C:\Dokumente und Einstellungen\Bernd.PC-BERND\Eigene Dateien\2020 Maikel Webseite von Maikel\Seiten\P-R.html --> www.vogtland-cowboy.de /httpdocs/Seiten P-R.html
2020.03.02 13:45 B C:\Dokumente und Einstellungen\Bernd.PC-BERND\Eigene Dateien\2020 Maikel Webseite von Maikel\Seiten\C.html --> www.vogtland-cowboy.de /httpdocs/Seiten C.html
2020.03.02 13:45 B C:\Dokumente und Einstellungen\Bernd.PC-BERND\Eigene Dateien\2020 Maikel Webseite von Maikel\Seiten\KL.html --> www.vogtland-cowboy.de /httpdocs/Seiten KL.html
2020.03.02 13:45 B C:\Dokumente und Einstellungen\Bernd.PC-BERND\Eigene Dateien\2020 Maikel Webseite von Maikel\Seiten\P-R.html --> www.vogtland-cowboy.de /httpdocs/Seiten P-R.html
2020.03.02 13:54 B C:\Dokumente und Einstellungen\Bernd.PC-BERND\Eigene Dateien\2020 Maikel Webseite von Maikel\Seiten\C.html --> www.vogtland-cowboy.de /httpdocs/Seiten C.html
2020.03.02 14:00 B C:\Dokumente und Einstellungen\Bernd.PC-BERND\Eigene Dateien\2020 Maikel Webseite von Maikel\Seiten\C.html --> www.vogtland-cowboy.de /httpdocs/Seiten C.html
2020.03.03 15:53 B C:\Dokumente und Einstellungen\Bernd.PC-BERND\Eigene Dateien\2020 Maikel Webseite von Maikel\Seiten\P-R.html --> www.vogtland-cowboy.de /httpdocs/Seiten P-R.html
2020.04.15 11:18 B C:\Dokumente und Einstellungen\Bernd.PC-BERND\Eigene Dateien\2020 Maikel Webseite von Maikel\Seiten\D.html --> www.vogtland-cowboy.de /httpdocs/Seiten D.html
2023.09.24 18:10 B C:\Users\Win11\Documents\2023 Maikel Webseite von Maikel\Seiten\T.html <-- Vogtlandcowboy /httpdocs/Seiten T.html
2023.09.24 18:11 B C:\Users\Win11\Documents\2023 Maikel Webseite von Maikel\Seiten\P-R.html <-- Vogtlandcowboy /httpdocs/Seiten P-R.html
2023.09.24 18:25 B C:\Users\Win11\Documents\2023 Maikel Webseite von Maikel\Seiten\T.html --> www.vogtland-cowboy.de /httpdocs/Seiten T.html
2023.09.24 18:28 B C:\Users\Win11\Documents\2023 Maikel Webseite von Maikel\Seiten\T.html --> www.vogtland-cowboy.de /httpdocs/Seiten T.html
2023.09.24 18:29 B C:\Users\Win11\Documents\2023 Maikel Webseite von Maikel\Seiten\T.html --> www.vogtland-cowboy.de /httpdocs/Seiten T.html
2023.09.24 19:28 B C:\Users\Win11\Documents\2023 Maikel Webseite von Maikel\Seiten\T.html --> www.vogtland-cowboy.de /httpdocs/Seiten T.html
2023.09.25 11:18 B C:\Users\Win11\Documents\2023 Maikel Webseite von Maikel\Seiten\GH.html <-- Vogtlandcowboy /httpdocs/Seiten GH.html
2023.09.25 11:18 B C:\Users\Win11\Documents\2023 Maikel Webseite von Maikel\Seiten\A.html <-- Vogtlandcowboy /httpdocs/Seiten A.html
2023.09.25 11:52 B C:\Users\Win11\Documents\2023 Maikel Webseite von Maikel\Seiten\A.html --> www.vogtland-cowboy.de /httpdocs/Seiten A.html
2023.09.25 11:53 B C:\Users\Win11\Documents\2023 Maikel Webseite von Maikel\Seiten\GH.html --> www.vogtland-cowboy.de /httpdocs/Seiten GH.html
2023.09.25 12:02 B C:\Users\Win11\Documents\2023 Maikel Webseite von Maikel\Seiten\A.html --> www.vogtland-cowboy.de /httpdocs/Seiten A.html
2023.09.25 12:12 B C:\Users\Win11\Documents\2023 Maikel Webseite von Maikel\Seiten\Tanze.html <-- Vogtlandcowboy /httpdocs/Seiten Tanze.html
2023.10.12 12:41 B C:\Users\Win11\Documents\2023 Maikel Webseite von Maikel\Seiten\T.html --> www.vogtland-cowboy.de /httpdocs/Seiten T.html
2023.10.12 15:13 B C:\Users\Win11\Documents\2023 Maikel Webseite von Maikel\Seiten\T.html --> www.vogtland-cowboy.de /httpdocs/Seiten T.html
2023.10.12 15:26 B C:\Users\Win11\Documents\2023 Maikel Webseite von Maikel\Seiten\T.html --> www.vogtland-cowboy.de /httpdocs/Seiten T.html
2023.10.15 10:45 B C:\Users\Win11\Documents\2023 Maikel Webseite von Maikel\Seiten\M-O.html --> www.vogtland-cowboy.de /httpdocs/Seiten M-O.html
